{"C:\\Users\\zzzzz\\Desktop\\Projects\\stellar-burgers\\__test__\\constants.ts": {"path":"C:\\Users\\zzzzz\\Desktop\\Projects\\stellar-burgers\\__test__\\constants.ts","all":false,"statementMap":{"0":{"start":{"line":1,"column":0},"end":{"line":1,"column":82}},"1":{"start":{"line":2,"column":0},"end":{"line":2,"column":78}},"2":{"start":{"line":3,"column":0},"end":{"line":3,"column":64}},"3":{"start":{"line":4,"column":0},"end":{"line":4,"column":71}},"4":{"start":{"line":5,"column":0},"end":{"line":5,"column":85}},"5":{"start":{"line":6,"column":0},"end":{"line":6,"column":81}},"6":{"start":{"line":7,"column":0},"end":{"line":7,"column":0}},"7":{"start":{"line":8,"column":0},"end":{"line":8,"column":43}},"8":{"start":{"line":9,"column":0},"end":{"line":9,"column":27}},"9":{"start":{"line":10,"column":0},"end":{"line":10,"column":25}},"10":{"start":{"line":11,"column":0},"end":{"line":11,"column":31}},"11":{"start":{"line":12,"column":0},"end":{"line":12,"column":15}},"12":{"start":{"line":13,"column":0},"end":{"line":13,"column":15}},"13":{"start":{"line":14,"column":0},"end":{"line":14,"column":30}},"14":{"start":{"line":15,"column":0},"end":{"line":15,"column":31}},"15":{"start":{"line":16,"column":0},"end":{"line":16,"column":33}},"16":{"start":{"line":17,"column":0},"end":{"line":17,"column":39}},"17":{"start":{"line":18,"column":0},"end":{"line":18,"column":37}},"18":{"start":{"line":19,"column":0},"end":{"line":19,"column":5}},"19":{"start":{"line":20,"column":0},"end":{"line":20,"column":2}},"20":{"start":{"line":21,"column":0},"end":{"line":21,"column":0}},"21":{"start":{"line":22,"column":0},"end":{"line":22,"column":51}},"22":{"start":{"line":23,"column":0},"end":{"line":23,"column":21}},"23":{"start":{"line":24,"column":0},"end":{"line":24,"column":15}},"24":{"start":{"line":25,"column":0},"end":{"line":25,"column":28}},"25":{"start":{"line":26,"column":0},"end":{"line":26,"column":15}},"26":{"start":{"line":27,"column":0},"end":{"line":27,"column":15}},"27":{"start":{"line":28,"column":0},"end":{"line":28,"column":32}},"28":{"start":{"line":29,"column":0},"end":{"line":29,"column":35}},"29":{"start":{"line":30,"column":0},"end":{"line":30,"column":34}},"30":{"start":{"line":31,"column":0},"end":{"line":31,"column":5}},"31":{"start":{"line":32,"column":0},"end":{"line":32,"column":2}},"32":{"start":{"line":33,"column":0},"end":{"line":33,"column":0}},"33":{"start":{"line":34,"column":0},"end":{"line":34,"column":49}},"34":{"start":{"line":35,"column":0},"end":{"line":35,"column":23}},"35":{"start":{"line":36,"column":0},"end":{"line":36,"column":15}},"36":{"start":{"line":37,"column":0},"end":{"line":37,"column":15}},"37":{"start":{"line":38,"column":0},"end":{"line":38,"column":28}},"38":{"start":{"line":39,"column":0},"end":{"line":39,"column":5}},"39":{"start":{"line":40,"column":0},"end":{"line":40,"column":2}},"40":{"start":{"line":41,"column":0},"end":{"line":41,"column":0}},"41":{"start":{"line":42,"column":0},"end":{"line":42,"column":53}},"42":{"start":{"line":43,"column":0},"end":{"line":43,"column":27}},"43":{"start":{"line":44,"column":0},"end":{"line":44,"column":15}},"44":{"start":{"line":45,"column":0},"end":{"line":45,"column":15}},"45":{"start":{"line":46,"column":0},"end":{"line":46,"column":35}},"46":{"start":{"line":47,"column":0},"end":{"line":47,"column":5}},"47":{"start":{"line":48,"column":0},"end":{"line":48,"column":2}},"48":{"start":{"line":49,"column":0},"end":{"line":49,"column":0}},"49":{"start":{"line":50,"column":0},"end":{"line":50,"column":57}},"50":{"start":{"line":51,"column":0},"end":{"line":51,"column":20}},"51":{"start":{"line":52,"column":0},"end":{"line":52,"column":15}},"52":{"start":{"line":53,"column":0},"end":{"line":53,"column":15}},"53":{"start":{"line":54,"column":0},"end":{"line":54,"column":38}},"54":{"start":{"line":55,"column":0},"end":{"line":55,"column":5}},"55":{"start":{"line":56,"column":0},"end":{"line":56,"column":1}}},"s":{"0":1,"1":1,"2":1,"3":1,"4":1,"5":1,"6":1,"7":1,"8":1,"9":1,"10":1,"11":1,"12":1,"13":1,"14":1,"15":1,"16":1,"17":1,"18":1,"19":1,"20":1,"21":1,"22":1,"23":1,"24":1,"25":1,"26":1,"27":1,"28":1,"29":1,"30":1,"31":1,"32":1,"33":1,"34":1,"35":1,"36":1,"37":1,"38":1,"39":1,"40":1,"41":1,"42":1,"43":1,"44":1,"45":1,"46":1,"47":1,"48":1,"49":1,"50":1,"51":1,"52":1,"53":1,"54":1,"55":1},"branchMap":{},"b":{},"fnMap":{},"f":{}}
,"C:\\Users\\zzzzz\\Desktop\\Projects\\stellar-burgers\\src\\constants\\constants.ts": {"path":"C:\\Users\\zzzzz\\Desktop\\Projects\\stellar-burgers\\src\\constants\\constants.ts","all":false,"statementMap":{"0":{"start":{"line":1,"column":0},"end":{"line":1,"column":63}},"1":{"start":{"line":2,"column":0},"end":{"line":2,"column":58}},"2":{"start":{"line":3,"column":0},"end":{"line":3,"column":36}},"3":{"start":{"line":4,"column":0},"end":{"line":4,"column":34}},"4":{"start":{"line":5,"column":0},"end":{"line":5,"column":12}},"5":{"start":{"line":6,"column":0},"end":{"line":6,"column":10}},"6":{"start":{"line":7,"column":0},"end":{"line":7,"column":2}},"7":{"start":{"line":8,"column":0},"end":{"line":8,"column":0}},"8":{"start":{"line":9,"column":0},"end":{"line":9,"column":36}},"9":{"start":{"line":10,"column":0},"end":{"line":10,"column":13}},"10":{"start":{"line":11,"column":0},"end":{"line":11,"column":11}},"11":{"start":{"line":12,"column":0},"end":{"line":12,"column":15}},"12":{"start":{"line":13,"column":0},"end":{"line":13,"column":2}},"13":{"start":{"line":14,"column":0},"end":{"line":14,"column":0}},"14":{"start":{"line":15,"column":0},"end":{"line":15,"column":46}},"15":{"start":{"line":16,"column":0},"end":{"line":16,"column":10}},"16":{"start":{"line":17,"column":0},"end":{"line":17,"column":11}},"17":{"start":{"line":18,"column":0},"end":{"line":18,"column":14}},"18":{"start":{"line":19,"column":0},"end":{"line":19,"column":14}},"19":{"start":{"line":20,"column":0},"end":{"line":20,"column":9}},"20":{"start":{"line":21,"column":0},"end":{"line":21,"column":19}},"21":{"start":{"line":22,"column":0},"end":{"line":22,"column":14}},"22":{"start":{"line":23,"column":0},"end":{"line":23,"column":11}},"23":{"start":{"line":24,"column":0},"end":{"line":24,"column":12}},"24":{"start":{"line":25,"column":0},"end":{"line":25,"column":18}},"25":{"start":{"line":26,"column":0},"end":{"line":26,"column":18}},"26":{"start":{"line":27,"column":0},"end":{"line":27,"column":2}},"27":{"start":{"line":28,"column":0},"end":{"line":28,"column":0}},"28":{"start":{"line":29,"column":0},"end":{"line":29,"column":41}},"29":{"start":{"line":30,"column":0},"end":{"line":30,"column":17}},"30":{"start":{"line":31,"column":0},"end":{"line":31,"column":2}}},"s":{"0":1,"1":1,"2":1,"3":1,"4":1,"5":1,"6":1,"7":1,"8":1,"9":1,"10":1,"11":1,"12":1,"13":1,"14":1,"15":1,"16":1,"17":1,"18":1,"19":1,"20":1,"21":1,"22":1,"23":1,"24":1,"25":1,"26":1,"27":1,"28":1,"29":1,"30":1},"branchMap":{},"b":{},"fnMap":{},"f":{}}
,"C:\\Users\\zzzzz\\Desktop\\Projects\\stellar-burgers\\src\\services\\features\\auth\\auth.ts": {"path":"C:\\Users\\zzzzz\\Desktop\\Projects\\stellar-burgers\\src\\services\\features\\auth\\auth.ts","all":false,"statementMap":{"0":{"start":{"line":1,"column":0},"end":{"line":1,"column":8}},"1":{"start":{"line":2,"column":0},"end":{"line":2,"column":20}},"2":{"start":{"line":3,"column":0},"end":{"line":3,"column":15}},"3":{"start":{"line":4,"column":0},"end":{"line":4,"column":12}},"4":{"start":{"line":5,"column":0},"end":{"line":5,"column":18}},"5":{"start":{"line":6,"column":0},"end":{"line":6,"column":19}},"6":{"start":{"line":7,"column":0},"end":{"line":7,"column":22}},"7":{"start":{"line":8,"column":0},"end":{"line":8,"column":13}},"8":{"start":{"line":9,"column":0},"end":{"line":9,"column":16}},"9":{"start":{"line":10,"column":0},"end":{"line":10,"column":21}},"10":{"start":{"line":11,"column":0},"end":{"line":11,"column":17}},"11":{"start":{"line":12,"column":0},"end":{"line":12,"column":14}},"12":{"start":{"line":13,"column":0},"end":{"line":13,"column":8}},"13":{"start":{"line":14,"column":0},"end":{"line":14,"column":20}},"14":{"start":{"line":15,"column":0},"end":{"line":15,"column":19}},"15":{"start":{"line":16,"column":0},"end":{"line":16,"column":16}},"16":{"start":{"line":17,"column":0},"end":{"line":17,"column":17}},"17":{"start":{"line":18,"column":0},"end":{"line":18,"column":26}},"18":{"start":{"line":19,"column":0},"end":{"line":19,"column":53}},"19":{"start":{"line":20,"column":0},"end":{"line":20,"column":0}},"20":{"start":{"line":21,"column":0},"end":{"line":21,"column":38}},"21":{"start":{"line":22,"column":0},"end":{"line":22,"column":45}},"22":{"start":{"line":23,"column":0},"end":{"line":23,"column":3}},"23":{"start":{"line":24,"column":0},"end":{"line":24,"column":0}},"24":{"start":{"line":25,"column":0},"end":{"line":25,"column":26}},"25":{"start":{"line":26,"column":0},"end":{"line":26,"column":27}},"26":{"start":{"line":27,"column":0},"end":{"line":27,"column":25}},"27":{"start":{"line":28,"column":0},"end":{"line":28,"column":32}},"28":{"start":{"line":29,"column":0},"end":{"line":29,"column":11}},"29":{"start":{"line":30,"column":0},"end":{"line":30,"column":33}},"30":{"start":{"line":31,"column":0},"end":{"line":31,"column":34}},"31":{"start":{"line":32,"column":0},"end":{"line":32,"column":36}},"32":{"start":{"line":33,"column":0},"end":{"line":33,"column":42}},"33":{"start":{"line":34,"column":0},"end":{"line":34,"column":41}},"34":{"start":{"line":35,"column":0},"end":{"line":35,"column":4}},"35":{"start":{"line":36,"column":0},"end":{"line":36,"column":13}},"36":{"start":{"line":37,"column":0},"end":{"line":37,"column":28}},"37":{"start":{"line":38,"column":0},"end":{"line":38,"column":29}},"38":{"start":{"line":39,"column":0},"end":{"line":39,"column":31}},"39":{"start":{"line":40,"column":0},"end":{"line":40,"column":37}},"40":{"start":{"line":41,"column":0},"end":{"line":41,"column":36}},"41":{"start":{"line":42,"column":0},"end":{"line":42,"column":4}},"42":{"start":{"line":43,"column":0},"end":{"line":43,"column":2}},"43":{"start":{"line":44,"column":0},"end":{"line":44,"column":0}},"44":{"start":{"line":45,"column":0},"end":{"line":45,"column":34}},"45":{"start":{"line":46,"column":0},"end":{"line":46,"column":25}},"46":{"start":{"line":47,"column":0},"end":{"line":47,"column":23}},"47":{"start":{"line":48,"column":0},"end":{"line":48,"column":29}},"48":{"start":{"line":49,"column":0},"end":{"line":49,"column":13}},"49":{"start":{"line":50,"column":0},"end":{"line":50,"column":13}},"50":{"start":{"line":51,"column":0},"end":{"line":51,"column":26}},"51":{"start":{"line":52,"column":0},"end":{"line":52,"column":27}},"52":{"start":{"line":53,"column":0},"end":{"line":53,"column":29}},"53":{"start":{"line":54,"column":0},"end":{"line":54,"column":35}},"54":{"start":{"line":55,"column":0},"end":{"line":55,"column":33}},"55":{"start":{"line":56,"column":0},"end":{"line":56,"column":3}},"56":{"start":{"line":57,"column":0},"end":{"line":57,"column":2}},"57":{"start":{"line":58,"column":0},"end":{"line":58,"column":0}},"58":{"start":{"line":59,"column":0},"end":{"line":59,"column":31}},"59":{"start":{"line":60,"column":0},"end":{"line":60,"column":15}},"60":{"start":{"line":61,"column":0},"end":{"line":61,"column":15}},"61":{"start":{"line":62,"column":0},"end":{"line":62,"column":26}},"62":{"start":{"line":63,"column":0},"end":{"line":63,"column":76}},"63":{"start":{"line":64,"column":0},"end":{"line":64,"column":5}},"64":{"start":{"line":65,"column":0},"end":{"line":65,"column":27}},"65":{"start":{"line":66,"column":0},"end":{"line":66,"column":44}},"66":{"start":{"line":67,"column":0},"end":{"line":67,"column":45}},"67":{"start":{"line":68,"column":0},"end":{"line":68,"column":35}},"68":{"start":{"line":69,"column":0},"end":{"line":69,"column":8}},"69":{"start":{"line":70,"column":0},"end":{"line":70,"column":36}},"70":{"start":{"line":71,"column":0},"end":{"line":71,"column":47}},"71":{"start":{"line":72,"column":0},"end":{"line":72,"column":38}},"72":{"start":{"line":73,"column":0},"end":{"line":73,"column":46}},"73":{"start":{"line":74,"column":0},"end":{"line":74,"column":8}},"74":{"start":{"line":75,"column":0},"end":{"line":75,"column":37}},"75":{"start":{"line":76,"column":0},"end":{"line":76,"column":55}},"76":{"start":{"line":77,"column":0},"end":{"line":77,"column":46}},"77":{"start":{"line":78,"column":0},"end":{"line":78,"column":7}},"78":{"start":{"line":79,"column":0},"end":{"line":79,"column":7}},"79":{"start":{"line":80,"column":0},"end":{"line":80,"column":0}},"80":{"start":{"line":81,"column":0},"end":{"line":81,"column":32}},"81":{"start":{"line":82,"column":0},"end":{"line":82,"column":59}},"82":{"start":{"line":83,"column":0},"end":{"line":83,"column":7}},"83":{"start":{"line":84,"column":0},"end":{"line":84,"column":29}},"84":{"start":{"line":85,"column":0},"end":{"line":85,"column":49}},"85":{"start":{"line":86,"column":0},"end":{"line":86,"column":50}},"86":{"start":{"line":87,"column":0},"end":{"line":87,"column":37}},"87":{"start":{"line":88,"column":0},"end":{"line":88,"column":10}},"88":{"start":{"line":89,"column":0},"end":{"line":89,"column":38}},"89":{"start":{"line":90,"column":0},"end":{"line":90,"column":52}},"90":{"start":{"line":91,"column":0},"end":{"line":91,"column":51}},"91":{"start":{"line":92,"column":0},"end":{"line":92,"column":40}},"92":{"start":{"line":93,"column":0},"end":{"line":93,"column":10}},"93":{"start":{"line":94,"column":0},"end":{"line":94,"column":39}},"94":{"start":{"line":95,"column":0},"end":{"line":95,"column":29}},"95":{"start":{"line":96,"column":0},"end":{"line":96,"column":51}},"96":{"start":{"line":97,"column":0},"end":{"line":97,"column":57}},"97":{"start":{"line":98,"column":0},"end":{"line":98,"column":9}},"98":{"start":{"line":99,"column":0},"end":{"line":99,"column":7}},"99":{"start":{"line":100,"column":0},"end":{"line":100,"column":6}},"100":{"start":{"line":101,"column":0},"end":{"line":101,"column":0}},"101":{"start":{"line":102,"column":0},"end":{"line":102,"column":38}},"102":{"start":{"line":103,"column":0},"end":{"line":103,"column":67}},"103":{"start":{"line":104,"column":0},"end":{"line":104,"column":7}},"104":{"start":{"line":105,"column":0},"end":{"line":105,"column":29}},"105":{"start":{"line":106,"column":0},"end":{"line":106,"column":55}},"106":{"start":{"line":107,"column":0},"end":{"line":107,"column":56}},"107":{"start":{"line":108,"column":0},"end":{"line":108,"column":10}},"108":{"start":{"line":109,"column":0},"end":{"line":109,"column":38}},"109":{"start":{"line":110,"column":0},"end":{"line":110,"column":58}},"110":{"start":{"line":111,"column":0},"end":{"line":111,"column":57}},"111":{"start":{"line":112,"column":0},"end":{"line":112,"column":10}},"112":{"start":{"line":113,"column":0},"end":{"line":113,"column":31}},"113":{"start":{"line":114,"column":0},"end":{"line":114,"column":57}},"114":{"start":{"line":115,"column":0},"end":{"line":115,"column":9}},"115":{"start":{"line":116,"column":0},"end":{"line":116,"column":7}},"116":{"start":{"line":117,"column":0},"end":{"line":117,"column":6}},"117":{"start":{"line":118,"column":0},"end":{"line":118,"column":0}},"118":{"start":{"line":119,"column":0},"end":{"line":119,"column":37}},"119":{"start":{"line":120,"column":0},"end":{"line":120,"column":65}},"120":{"start":{"line":121,"column":0},"end":{"line":121,"column":7}},"121":{"start":{"line":122,"column":0},"end":{"line":122,"column":29}},"122":{"start":{"line":123,"column":0},"end":{"line":123,"column":54}},"123":{"start":{"line":124,"column":0},"end":{"line":124,"column":55}},"124":{"start":{"line":125,"column":0},"end":{"line":125,"column":10}},"125":{"start":{"line":126,"column":0},"end":{"line":126,"column":38}},"126":{"start":{"line":127,"column":0},"end":{"line":127,"column":57}},"127":{"start":{"line":128,"column":0},"end":{"line":128,"column":56}},"128":{"start":{"line":129,"column":0},"end":{"line":129,"column":10}},"129":{"start":{"line":130,"column":0},"end":{"line":130,"column":31}},"130":{"start":{"line":131,"column":0},"end":{"line":131,"column":51}},"131":{"start":{"line":132,"column":0},"end":{"line":132,"column":9}},"132":{"start":{"line":133,"column":0},"end":{"line":133,"column":7}},"133":{"start":{"line":134,"column":0},"end":{"line":134,"column":6}},"134":{"start":{"line":135,"column":0},"end":{"line":135,"column":0}},"135":{"start":{"line":136,"column":0},"end":{"line":136,"column":69}},"136":{"start":{"line":137,"column":0},"end":{"line":137,"column":27}},"137":{"start":{"line":138,"column":0},"end":{"line":138,"column":45}},"138":{"start":{"line":139,"column":0},"end":{"line":139,"column":46}},"139":{"start":{"line":140,"column":0},"end":{"line":140,"column":8}},"140":{"start":{"line":141,"column":0},"end":{"line":141,"column":36}},"141":{"start":{"line":142,"column":0},"end":{"line":142,"column":48}},"142":{"start":{"line":143,"column":0},"end":{"line":143,"column":47}},"143":{"start":{"line":144,"column":0},"end":{"line":144,"column":8}},"144":{"start":{"line":145,"column":0},"end":{"line":145,"column":37}},"145":{"start":{"line":146,"column":0},"end":{"line":146,"column":56}},"146":{"start":{"line":147,"column":0},"end":{"line":147,"column":46}},"147":{"start":{"line":148,"column":0},"end":{"line":148,"column":7}},"148":{"start":{"line":149,"column":0},"end":{"line":149,"column":7}},"149":{"start":{"line":150,"column":0},"end":{"line":150,"column":45}},"150":{"start":{"line":151,"column":0},"end":{"line":151,"column":49}},"151":{"start":{"line":152,"column":0},"end":{"line":152,"column":53}},"152":{"start":{"line":153,"column":0},"end":{"line":153,"column":7}},"153":{"start":{"line":154,"column":0},"end":{"line":154,"column":5}},"154":{"start":{"line":155,"column":0},"end":{"line":155,"column":5}},"155":{"start":{"line":156,"column":0},"end":{"line":156,"column":31}},"156":{"start":{"line":157,"column":0},"end":{"line":157,"column":11}},"157":{"start":{"line":158,"column":0},"end":{"line":158,"column":48}},"158":{"start":{"line":159,"column":0},"end":{"line":159,"column":35}},"159":{"start":{"line":160,"column":0},"end":{"line":160,"column":8}},"160":{"start":{"line":161,"column":0},"end":{"line":161,"column":50}},"161":{"start":{"line":162,"column":0},"end":{"line":162,"column":37}},"162":{"start":{"line":163,"column":0},"end":{"line":163,"column":9}},"163":{"start":{"line":164,"column":0},"end":{"line":164,"column":4}},"164":{"start":{"line":165,"column":0},"end":{"line":165,"column":14}},"165":{"start":{"line":166,"column":0},"end":{"line":166,"column":56}},"166":{"start":{"line":167,"column":0},"end":{"line":167,"column":60}},"167":{"start":{"line":168,"column":0},"end":{"line":168,"column":42}},"168":{"start":{"line":169,"column":0},"end":{"line":169,"column":46}},"169":{"start":{"line":170,"column":0},"end":{"line":170,"column":71}},"170":{"start":{"line":171,"column":0},"end":{"line":171,"column":3}},"171":{"start":{"line":172,"column":0},"end":{"line":172,"column":3}},"172":{"start":{"line":173,"column":0},"end":{"line":173,"column":0}},"173":{"start":{"line":174,"column":0},"end":{"line":174,"column":14}},"174":{"start":{"line":175,"column":0},"end":{"line":175,"column":19}},"175":{"start":{"line":176,"column":0},"end":{"line":176,"column":25}},"176":{"start":{"line":177,"column":0},"end":{"line":177,"column":21}},"177":{"start":{"line":178,"column":0},"end":{"line":178,"column":27}},"178":{"start":{"line":179,"column":0},"end":{"line":179,"column":17}},"179":{"start":{"line":180,"column":0},"end":{"line":180,"column":15}},"180":{"start":{"line":181,"column":0},"end":{"line":181,"column":22}},"181":{"start":{"line":182,"column":0},"end":{"line":182,"column":14}},"182":{"start":{"line":183,"column":0},"end":{"line":183,"column":24}},"183":{"start":{"line":184,"column":0},"end":{"line":184,"column":22}},"184":{"start":{"line":185,"column":0},"end":{"line":185,"column":30}},"185":{"start":{"line":186,"column":0},"end":{"line":186,"column":33}},"186":{"start":{"line":187,"column":0},"end":{"line":187,"column":36}},"187":{"start":{"line":188,"column":0},"end":{"line":188,"column":24}},"188":{"start":{"line":189,"column":0},"end":{"line":189,"column":45}}},"s":{"0":1,"1":1,"2":1,"3":1,"4":1,"5":1,"6":1,"7":1,"8":1,"9":1,"10":1,"11":1,"12":1,"13":1,"14":1,"15":1,"16":1,"17":1,"18":1,"19":1,"20":1,"21":1,"22":1,"23":1,"24":1,"25":1,"26":1,"27":1,"28":1,"29":1,"30":1,"31":1,"32":1,"33":1,"34":1,"35":1,"36":1,"37":1,"38":1,"39":1,"40":1,"41":1,"42":1,"43":1,"44":1,"45":1,"46":1,"47":1,"48":1,"49":1,"50":1,"51":1,"52":1,"53":1,"54":1,"55":1,"56":1,"57":1,"58":1,"59":1,"60":1,"61":1,"62":1,"63":1,"64":1,"65":2,"66":2,"67":2,"68":1,"69":1,"70":1,"71":1,"72":1,"73":1,"74":1,"75":1,"76":1,"77":1,"78":1,"79":1,"80":1,"81":1,"82":1,"83":1,"84":2,"85":2,"86":2,"87":1,"88":1,"89":1,"90":1,"91":1,"92":1,"93":1,"94":1,"95":1,"96":1,"97":1,"98":1,"99":1,"100":1,"101":1,"102":1,"103":1,"104":1,"105":1,"106":1,"107":1,"108":1,"109":1,"110":1,"111":1,"112":1,"113":0,"114":0,"115":1,"116":1,"117":1,"118":1,"119":1,"120":1,"121":1,"122":1,"123":1,"124":1,"125":1,"126":1,"127":1,"128":1,"129":1,"130":0,"131":0,"132":1,"133":1,"134":1,"135":1,"136":1,"137":1,"138":1,"139":1,"140":1,"141":0,"142":0,"143":1,"144":1,"145":1,"146":1,"147":1,"148":1,"149":1,"150":1,"151":1,"152":1,"153":1,"154":1,"155":1,"156":2,"157":2,"158":2,"159":2,"160":2,"161":1,"162":2,"163":1,"164":1,"165":1,"166":1,"167":1,"168":1,"169":1,"170":1,"171":1,"172":1,"173":1,"174":1,"175":1,"176":1,"177":1,"178":1,"179":1,"180":1,"181":1,"182":1,"183":1,"184":1,"185":1,"186":1,"187":1,"188":1},"branchMap":{"0":{"type":"branch","line":62,"loc":{"start":{"line":62,"column":12},"end":{"line":62,"column":25}},"locations":[{"start":{"line":62,"column":12},"end":{"line":62,"column":25}}]},"1":{"type":"branch","line":63,"loc":{"start":{"line":63,"column":29},"end":{"line":63,"column":76}},"locations":[{"start":{"line":63,"column":29},"end":{"line":63,"column":76}}]},"2":{"type":"branch","line":63,"loc":{"start":{"line":63,"column":52},"end":{"line":63,"column":76}},"locations":[{"start":{"line":63,"column":52},"end":{"line":63,"column":76}}]},"3":{"type":"branch","line":63,"loc":{"start":{"line":63,"column":52},"end":{"line":63,"column":76}},"locations":[{"start":{"line":63,"column":52},"end":{"line":63,"column":76}}]},"4":{"type":"branch","line":65,"loc":{"start":{"line":65,"column":15},"end":{"line":69,"column":7}},"locations":[{"start":{"line":65,"column":15},"end":{"line":69,"column":7}}]},"5":{"type":"branch","line":70,"loc":{"start":{"line":70,"column":16},"end":{"line":74,"column":7}},"locations":[{"start":{"line":70,"column":16},"end":{"line":74,"column":7}}]},"6":{"type":"branch","line":75,"loc":{"start":{"line":75,"column":17},"end":{"line":78,"column":7}},"locations":[{"start":{"line":75,"column":17},"end":{"line":78,"column":7}}]},"7":{"type":"branch","line":82,"loc":{"start":{"line":82,"column":6},"end":{"line":82,"column":59}},"locations":[{"start":{"line":82,"column":6},"end":{"line":82,"column":59}}]},"8":{"type":"branch","line":82,"loc":{"start":{"line":82,"column":32},"end":{"line":82,"column":59}},"locations":[{"start":{"line":82,"column":32},"end":{"line":82,"column":59}}]},"9":{"type":"branch","line":82,"loc":{"start":{"line":82,"column":32},"end":{"line":82,"column":59}},"locations":[{"start":{"line":82,"column":32},"end":{"line":82,"column":59}}]},"10":{"type":"branch","line":84,"loc":{"start":{"line":84,"column":17},"end":{"line":88,"column":9}},"locations":[{"start":{"line":84,"column":17},"end":{"line":88,"column":9}}]},"11":{"type":"branch","line":89,"loc":{"start":{"line":89,"column":18},"end":{"line":93,"column":9}},"locations":[{"start":{"line":89,"column":18},"end":{"line":93,"column":9}}]},"12":{"type":"branch","line":94,"loc":{"start":{"line":94,"column":19},"end":{"line":98,"column":9}},"locations":[{"start":{"line":94,"column":19},"end":{"line":98,"column":9}}]},"13":{"type":"branch","line":103,"loc":{"start":{"line":103,"column":6},"end":{"line":103,"column":67}},"locations":[{"start":{"line":103,"column":6},"end":{"line":103,"column":67}}]},"14":{"type":"branch","line":103,"loc":{"start":{"line":103,"column":38},"end":{"line":103,"column":67}},"locations":[{"start":{"line":103,"column":38},"end":{"line":103,"column":67}}]},"15":{"type":"branch","line":103,"loc":{"start":{"line":103,"column":38},"end":{"line":103,"column":67}},"locations":[{"start":{"line":103,"column":38},"end":{"line":103,"column":67}}]},"16":{"type":"branch","line":105,"loc":{"start":{"line":105,"column":17},"end":{"line":108,"column":9}},"locations":[{"start":{"line":105,"column":17},"end":{"line":108,"column":9}}]},"17":{"type":"branch","line":109,"loc":{"start":{"line":109,"column":18},"end":{"line":112,"column":9}},"locations":[{"start":{"line":109,"column":18},"end":{"line":112,"column":9}}]},"18":{"type":"branch","line":120,"loc":{"start":{"line":120,"column":6},"end":{"line":120,"column":65}},"locations":[{"start":{"line":120,"column":6},"end":{"line":120,"column":65}}]},"19":{"type":"branch","line":120,"loc":{"start":{"line":120,"column":37},"end":{"line":120,"column":65}},"locations":[{"start":{"line":120,"column":37},"end":{"line":120,"column":65}}]},"20":{"type":"branch","line":120,"loc":{"start":{"line":120,"column":37},"end":{"line":120,"column":65}},"locations":[{"start":{"line":120,"column":37},"end":{"line":120,"column":65}}]},"21":{"type":"branch","line":122,"loc":{"start":{"line":122,"column":17},"end":{"line":125,"column":9}},"locations":[{"start":{"line":122,"column":17},"end":{"line":125,"column":9}}]},"22":{"type":"branch","line":126,"loc":{"start":{"line":126,"column":18},"end":{"line":129,"column":9}},"locations":[{"start":{"line":126,"column":18},"end":{"line":129,"column":9}}]},"23":{"type":"branch","line":137,"loc":{"start":{"line":137,"column":15},"end":{"line":140,"column":7}},"locations":[{"start":{"line":137,"column":15},"end":{"line":140,"column":7}}]},"24":{"type":"branch","line":145,"loc":{"start":{"line":145,"column":17},"end":{"line":148,"column":7}},"locations":[{"start":{"line":145,"column":17},"end":{"line":148,"column":7}}]},"25":{"type":"branch","line":151,"loc":{"start":{"line":151,"column":6},"end":{"line":153,"column":7}},"locations":[{"start":{"line":151,"column":6},"end":{"line":153,"column":7}}]},"26":{"type":"branch","line":156,"loc":{"start":{"line":156,"column":17},"end":{"line":164,"column":3}},"locations":[{"start":{"line":156,"column":17},"end":{"line":164,"column":3}}]},"27":{"type":"branch","line":158,"loc":{"start":{"line":158,"column":36},"end":{"line":160,"column":7}},"locations":[{"start":{"line":158,"column":36},"end":{"line":160,"column":7}}]},"28":{"type":"branch","line":161,"loc":{"start":{"line":161,"column":38},"end":{"line":163,"column":7}},"locations":[{"start":{"line":161,"column":38},"end":{"line":163,"column":7}}]}},"b":{"0":[3],"1":[2],"2":[2],"3":[2],"4":[2],"5":[1],"6":[1],"7":[2],"8":[2],"9":[2],"10":[2],"11":[1],"12":[1],"13":[1],"14":[1],"15":[1],"16":[1],"17":[1],"18":[1],"19":[1],"20":[1],"21":[1],"22":[1],"23":[1],"24":[1],"25":[1],"26":[2],"27":[2],"28":[1]},"fnMap":{"0":{"name":"reducers","decl":{"start":{"line":62,"column":12},"end":{"line":62,"column":25}},"loc":{"start":{"line":62,"column":12},"end":{"line":62,"column":25}},"line":62},"1":{"name":"login.create.asyncThunk.pending","decl":{"start":{"line":63,"column":29},"end":{"line":63,"column":76}},"loc":{"start":{"line":63,"column":29},"end":{"line":63,"column":76}},"line":63},"2":{"name":"pending","decl":{"start":{"line":65,"column":15},"end":{"line":69,"column":7}},"loc":{"start":{"line":65,"column":15},"end":{"line":69,"column":7}},"line":65},"3":{"name":"rejected","decl":{"start":{"line":70,"column":16},"end":{"line":74,"column":7}},"loc":{"start":{"line":70,"column":16},"end":{"line":74,"column":7}},"line":70},"4":{"name":"fulfilled","decl":{"start":{"line":75,"column":17},"end":{"line":78,"column":7}},"loc":{"start":{"line":75,"column":17},"end":{"line":78,"column":7}},"line":75},"5":{"name":"register.create.asyncThunk.pending","decl":{"start":{"line":82,"column":6},"end":{"line":82,"column":59}},"loc":{"start":{"line":82,"column":6},"end":{"line":82,"column":59}},"line":82},"6":{"name":"pending","decl":{"start":{"line":84,"column":17},"end":{"line":88,"column":9}},"loc":{"start":{"line":84,"column":17},"end":{"line":88,"column":9}},"line":84},"7":{"name":"rejected","decl":{"start":{"line":89,"column":18},"end":{"line":93,"column":9}},"loc":{"start":{"line":89,"column":18},"end":{"line":93,"column":9}},"line":89},"8":{"name":"fulfilled","decl":{"start":{"line":94,"column":19},"end":{"line":98,"column":9}},"loc":{"start":{"line":94,"column":19},"end":{"line":98,"column":9}},"line":94},"9":{"name":"forgotPassword.create.asyncThunk.pending","decl":{"start":{"line":103,"column":6},"end":{"line":103,"column":67}},"loc":{"start":{"line":103,"column":6},"end":{"line":103,"column":67}},"line":103},"10":{"name":"pending","decl":{"start":{"line":105,"column":17},"end":{"line":108,"column":9}},"loc":{"start":{"line":105,"column":17},"end":{"line":108,"column":9}},"line":105},"11":{"name":"rejected","decl":{"start":{"line":109,"column":18},"end":{"line":112,"column":9}},"loc":{"start":{"line":109,"column":18},"end":{"line":112,"column":9}},"line":109},"12":{"name":"fulfilled","decl":{"start":{"line":113,"column":19},"end":{"line":115,"column":9}},"loc":{"start":{"line":113,"column":19},"end":{"line":115,"column":9}},"line":113},"13":{"name":"resetPassword.create.asyncThunk.pending","decl":{"start":{"line":120,"column":6},"end":{"line":120,"column":65}},"loc":{"start":{"line":120,"column":6},"end":{"line":120,"column":65}},"line":120},"14":{"name":"pending","decl":{"start":{"line":122,"column":17},"end":{"line":125,"column":9}},"loc":{"start":{"line":122,"column":17},"end":{"line":125,"column":9}},"line":122},"15":{"name":"rejected","decl":{"start":{"line":126,"column":18},"end":{"line":129,"column":9}},"loc":{"start":{"line":126,"column":18},"end":{"line":129,"column":9}},"line":126},"16":{"name":"fulfilled","decl":{"start":{"line":130,"column":19},"end":{"line":132,"column":9}},"loc":{"start":{"line":130,"column":19},"end":{"line":132,"column":9}},"line":130},"17":{"name":"pending","decl":{"start":{"line":137,"column":15},"end":{"line":140,"column":7}},"loc":{"start":{"line":137,"column":15},"end":{"line":140,"column":7}},"line":137},"18":{"name":"rejected","decl":{"start":{"line":141,"column":16},"end":{"line":144,"column":7}},"loc":{"start":{"line":141,"column":16},"end":{"line":144,"column":7}},"line":141},"19":{"name":"fulfilled","decl":{"start":{"line":145,"column":17},"end":{"line":148,"column":7}},"loc":{"start":{"line":145,"column":17},"end":{"line":148,"column":7}},"line":145},"20":{"name":"extraReducers","decl":{"start":{"line":156,"column":17},"end":{"line":164,"column":3}},"loc":{"start":{"line":156,"column":17},"end":{"line":164,"column":3}},"line":156},"21":{"name":"selectIsAuthChecked","decl":{"start":{"line":166,"column":25},"end":{"line":166,"column":41}},"loc":{"start":{"line":166,"column":25},"end":{"line":166,"column":41}},"line":166},"22":{"name":"selectIsAuthenticated","decl":{"start":{"line":167,"column":27},"end":{"line":167,"column":43}},"loc":{"start":{"line":167,"column":27},"end":{"line":167,"column":43}},"line":167},"23":{"name":"selectErrors","decl":{"start":{"line":168,"column":18},"end":{"line":168,"column":34}},"loc":{"start":{"line":168,"column":18},"end":{"line":168,"column":34}},"line":168},"24":{"name":"selectStatuses","decl":{"start":{"line":169,"column":20},"end":{"line":169,"column":36}},"loc":{"start":{"line":169,"column":20},"end":{"line":169,"column":36}},"line":169},"25":{"name":"selectPathToReturnAfterAuth","decl":{"start":{"line":170,"column":33},"end":{"line":170,"column":49}},"loc":{"start":{"line":170,"column":33},"end":{"line":170,"column":49}},"line":170}},"f":{"0":3,"1":2,"2":2,"3":1,"4":1,"5":2,"6":2,"7":1,"8":1,"9":1,"10":1,"11":1,"12":0,"13":1,"14":1,"15":1,"16":0,"17":1,"18":0,"19":1,"20":2,"21":0,"22":0,"23":0,"24":0,"25":0}}
,"C:\\Users\\zzzzz\\Desktop\\Projects\\stellar-burgers\\src\\services\\features\\auth-user\\auth-user.ts": {"path":"C:\\Users\\zzzzz\\Desktop\\Projects\\stellar-burgers\\src\\services\\features\\auth-user\\auth-user.ts","all":false,"statementMap":{"0":{"start":{"line":1,"column":0},"end":{"line":1,"column":8}},"1":{"start":{"line":2,"column":0},"end":{"line":2,"column":15}},"2":{"start":{"line":3,"column":0},"end":{"line":3,"column":13}},"3":{"start":{"line":4,"column":0},"end":{"line":4,"column":17}},"4":{"start":{"line":5,"column":0},"end":{"line":5,"column":16}},"5":{"start":{"line":6,"column":0},"end":{"line":6,"column":16}},"6":{"start":{"line":7,"column":0},"end":{"line":7,"column":15}},"7":{"start":{"line":8,"column":0},"end":{"line":8,"column":14}},"8":{"start":{"line":9,"column":0},"end":{"line":9,"column":8}},"9":{"start":{"line":10,"column":0},"end":{"line":10,"column":20}},"10":{"start":{"line":11,"column":0},"end":{"line":11,"column":19}},"11":{"start":{"line":12,"column":0},"end":{"line":12,"column":17}},"12":{"start":{"line":13,"column":0},"end":{"line":13,"column":26}},"13":{"start":{"line":14,"column":0},"end":{"line":14,"column":45}},"14":{"start":{"line":15,"column":0},"end":{"line":15,"column":58}},"15":{"start":{"line":16,"column":0},"end":{"line":16,"column":67}},"16":{"start":{"line":17,"column":0},"end":{"line":17,"column":55}},"17":{"start":{"line":18,"column":0},"end":{"line":18,"column":0}},"18":{"start":{"line":19,"column":0},"end":{"line":19,"column":38}},"19":{"start":{"line":20,"column":0},"end":{"line":20,"column":45}},"20":{"start":{"line":21,"column":0},"end":{"line":21,"column":3}},"21":{"start":{"line":22,"column":0},"end":{"line":22,"column":0}},"22":{"start":{"line":23,"column":0},"end":{"line":23,"column":30}},"23":{"start":{"line":24,"column":0},"end":{"line":24,"column":14}},"24":{"start":{"line":25,"column":0},"end":{"line":25,"column":19}},"25":{"start":{"line":26,"column":0},"end":{"line":26,"column":28}},"26":{"start":{"line":27,"column":0},"end":{"line":27,"column":11}},"27":{"start":{"line":28,"column":0},"end":{"line":28,"column":35}},"28":{"start":{"line":29,"column":0},"end":{"line":29,"column":38}},"29":{"start":{"line":30,"column":0},"end":{"line":30,"column":37}},"30":{"start":{"line":31,"column":0},"end":{"line":31,"column":39}},"31":{"start":{"line":32,"column":0},"end":{"line":32,"column":4}},"32":{"start":{"line":33,"column":0},"end":{"line":33,"column":13}},"33":{"start":{"line":34,"column":0},"end":{"line":34,"column":30}},"34":{"start":{"line":35,"column":0},"end":{"line":35,"column":33}},"35":{"start":{"line":36,"column":0},"end":{"line":36,"column":32}},"36":{"start":{"line":37,"column":0},"end":{"line":37,"column":4}},"37":{"start":{"line":38,"column":0},"end":{"line":38,"column":2}},"38":{"start":{"line":39,"column":0},"end":{"line":39,"column":0}},"39":{"start":{"line":40,"column":0},"end":{"line":40,"column":38}},"40":{"start":{"line":41,"column":0},"end":{"line":41,"column":19}},"41":{"start":{"line":42,"column":0},"end":{"line":42,"column":13}},"42":{"start":{"line":43,"column":0},"end":{"line":43,"column":26}},"43":{"start":{"line":44,"column":0},"end":{"line":44,"column":13}},"44":{"start":{"line":45,"column":0},"end":{"line":45,"column":13}},"45":{"start":{"line":46,"column":0},"end":{"line":46,"column":28}},"46":{"start":{"line":47,"column":0},"end":{"line":47,"column":31}},"47":{"start":{"line":48,"column":0},"end":{"line":48,"column":30}},"48":{"start":{"line":49,"column":0},"end":{"line":49,"column":3}},"49":{"start":{"line":50,"column":0},"end":{"line":50,"column":2}},"50":{"start":{"line":51,"column":0},"end":{"line":51,"column":0}},"51":{"start":{"line":52,"column":0},"end":{"line":52,"column":35}},"52":{"start":{"line":53,"column":0},"end":{"line":53,"column":19}},"53":{"start":{"line":54,"column":0},"end":{"line":54,"column":15}},"54":{"start":{"line":55,"column":0},"end":{"line":55,"column":26}},"55":{"start":{"line":56,"column":0},"end":{"line":56,"column":65}},"56":{"start":{"line":57,"column":0},"end":{"line":57,"column":27}},"57":{"start":{"line":58,"column":0},"end":{"line":58,"column":46}},"58":{"start":{"line":59,"column":0},"end":{"line":59,"column":47}},"59":{"start":{"line":60,"column":0},"end":{"line":60,"column":8}},"60":{"start":{"line":61,"column":0},"end":{"line":61,"column":36}},"61":{"start":{"line":62,"column":0},"end":{"line":62,"column":49}},"62":{"start":{"line":63,"column":0},"end":{"line":63,"column":48}},"63":{"start":{"line":64,"column":0},"end":{"line":64,"column":8}},"64":{"start":{"line":65,"column":0},"end":{"line":65,"column":37}},"65":{"start":{"line":66,"column":0},"end":{"line":66,"column":41}},"66":{"start":{"line":67,"column":0},"end":{"line":67,"column":48}},"67":{"start":{"line":68,"column":0},"end":{"line":68,"column":7}},"68":{"start":{"line":69,"column":0},"end":{"line":69,"column":7}},"69":{"start":{"line":70,"column":0},"end":{"line":70,"column":34}},"70":{"start":{"line":71,"column":0},"end":{"line":71,"column":57}},"71":{"start":{"line":72,"column":0},"end":{"line":72,"column":7}},"72":{"start":{"line":73,"column":0},"end":{"line":73,"column":29}},"73":{"start":{"line":74,"column":0},"end":{"line":74,"column":51}},"74":{"start":{"line":75,"column":0},"end":{"line":75,"column":52}},"75":{"start":{"line":76,"column":0},"end":{"line":76,"column":10}},"76":{"start":{"line":77,"column":0},"end":{"line":77,"column":38}},"77":{"start":{"line":78,"column":0},"end":{"line":78,"column":54}},"78":{"start":{"line":79,"column":0},"end":{"line":79,"column":53}},"79":{"start":{"line":80,"column":0},"end":{"line":80,"column":10}},"80":{"start":{"line":81,"column":0},"end":{"line":81,"column":39}},"81":{"start":{"line":82,"column":0},"end":{"line":82,"column":43}},"82":{"start":{"line":83,"column":0},"end":{"line":83,"column":53}},"83":{"start":{"line":84,"column":0},"end":{"line":84,"column":9}},"84":{"start":{"line":85,"column":0},"end":{"line":85,"column":7}},"85":{"start":{"line":86,"column":0},"end":{"line":86,"column":6}},"86":{"start":{"line":87,"column":0},"end":{"line":87,"column":64}},"87":{"start":{"line":88,"column":0},"end":{"line":88,"column":27}},"88":{"start":{"line":89,"column":0},"end":{"line":89,"column":48}},"89":{"start":{"line":90,"column":0},"end":{"line":90,"column":49}},"90":{"start":{"line":91,"column":0},"end":{"line":91,"column":39}},"91":{"start":{"line":92,"column":0},"end":{"line":92,"column":8}},"92":{"start":{"line":93,"column":0},"end":{"line":93,"column":36}},"93":{"start":{"line":94,"column":0},"end":{"line":94,"column":51}},"94":{"start":{"line":95,"column":0},"end":{"line":95,"column":50}},"95":{"start":{"line":96,"column":0},"end":{"line":96,"column":39}},"96":{"start":{"line":97,"column":0},"end":{"line":97,"column":8}},"97":{"start":{"line":98,"column":0},"end":{"line":98,"column":37}},"98":{"start":{"line":99,"column":0},"end":{"line":99,"column":38}},"99":{"start":{"line":100,"column":0},"end":{"line":100,"column":50}},"100":{"start":{"line":101,"column":0},"end":{"line":101,"column":38}},"101":{"start":{"line":102,"column":0},"end":{"line":102,"column":7}},"102":{"start":{"line":103,"column":0},"end":{"line":103,"column":6}},"103":{"start":{"line":104,"column":0},"end":{"line":104,"column":5}},"104":{"start":{"line":105,"column":0},"end":{"line":105,"column":31}},"105":{"start":{"line":106,"column":0},"end":{"line":106,"column":11}},"106":{"start":{"line":107,"column":0},"end":{"line":107,"column":59}},"107":{"start":{"line":108,"column":0},"end":{"line":108,"column":41}},"108":{"start":{"line":109,"column":0},"end":{"line":109,"column":8}},"109":{"start":{"line":110,"column":0},"end":{"line":110,"column":56}},"110":{"start":{"line":111,"column":0},"end":{"line":111,"column":41}},"111":{"start":{"line":112,"column":0},"end":{"line":112,"column":8}},"112":{"start":{"line":113,"column":0},"end":{"line":113,"column":58}},"113":{"start":{"line":114,"column":0},"end":{"line":114,"column":51}},"114":{"start":{"line":115,"column":0},"end":{"line":115,"column":8}},"115":{"start":{"line":116,"column":0},"end":{"line":116,"column":57}},"116":{"start":{"line":117,"column":0},"end":{"line":117,"column":4}},"117":{"start":{"line":118,"column":0},"end":{"line":118,"column":14}},"118":{"start":{"line":119,"column":0},"end":{"line":119,"column":38}},"119":{"start":{"line":120,"column":0},"end":{"line":120,"column":42}},"120":{"start":{"line":121,"column":0},"end":{"line":121,"column":62}},"121":{"start":{"line":122,"column":0},"end":{"line":122,"column":42}},"122":{"start":{"line":123,"column":0},"end":{"line":123,"column":45}},"123":{"start":{"line":124,"column":0},"end":{"line":124,"column":3}},"124":{"start":{"line":125,"column":0},"end":{"line":125,"column":3}},"125":{"start":{"line":126,"column":0},"end":{"line":126,"column":0}},"126":{"start":{"line":127,"column":0},"end":{"line":127,"column":14}},"127":{"start":{"line":128,"column":0},"end":{"line":128,"column":23}},"128":{"start":{"line":129,"column":0},"end":{"line":129,"column":29}},"129":{"start":{"line":130,"column":0},"end":{"line":130,"column":30}},"130":{"start":{"line":131,"column":0},"end":{"line":131,"column":26}},"131":{"start":{"line":132,"column":0},"end":{"line":132,"column":14}},"132":{"start":{"line":133,"column":0},"end":{"line":133,"column":29}},"133":{"start":{"line":134,"column":0},"end":{"line":134,"column":37}},"134":{"start":{"line":135,"column":0},"end":{"line":135,"column":37}},"135":{"start":{"line":136,"column":0},"end":{"line":136,"column":41}},"136":{"start":{"line":137,"column":0},"end":{"line":137,"column":24}},"137":{"start":{"line":138,"column":0},"end":{"line":138,"column":28}},"138":{"start":{"line":139,"column":0},"end":{"line":139,"column":53}}},"s":{"0":1,"1":1,"2":1,"3":1,"4":1,"5":1,"6":1,"7":1,"8":1,"9":1,"10":1,"11":1,"12":1,"13":1,"14":1,"15":1,"16":1,"17":1,"18":1,"19":1,"20":1,"21":1,"22":1,"23":1,"24":1,"25":1,"26":1,"27":1,"28":1,"29":1,"30":1,"31":1,"32":1,"33":1,"34":1,"35":1,"36":1,"37":1,"38":1,"39":1,"40":1,"41":1,"42":1,"43":1,"44":1,"45":1,"46":1,"47":1,"48":1,"49":1,"50":1,"51":1,"52":1,"53":1,"54":1,"55":1,"56":1,"57":2,"58":2,"59":1,"60":1,"61":1,"62":1,"63":1,"64":1,"65":1,"66":1,"67":1,"68":1,"69":1,"70":1,"71":1,"72":1,"73":2,"74":2,"75":1,"76":1,"77":1,"78":1,"79":1,"80":1,"81":1,"82":1,"83":1,"84":1,"85":1,"86":1,"87":1,"88":2,"89":2,"90":2,"91":1,"92":1,"93":1,"94":1,"95":1,"96":1,"97":1,"98":1,"99":1,"100":1,"101":1,"102":1,"103":1,"104":1,"105":2,"106":2,"107":1,"108":2,"109":2,"110":1,"111":2,"112":2,"113":1,"114":2,"115":2,"116":1,"117":1,"118":1,"119":1,"120":1,"121":1,"122":1,"123":1,"124":1,"125":1,"126":1,"127":1,"128":1,"129":1,"130":1,"131":1,"132":1,"133":1,"134":1,"135":1,"136":1,"137":1,"138":1},"branchMap":{"0":{"type":"branch","line":55,"loc":{"start":{"line":55,"column":12},"end":{"line":55,"column":25}},"locations":[{"start":{"line":55,"column":12},"end":{"line":55,"column":25}}]},"1":{"type":"branch","line":57,"loc":{"start":{"line":57,"column":15},"end":{"line":60,"column":7}},"locations":[{"start":{"line":57,"column":15},"end":{"line":60,"column":7}}]},"2":{"type":"branch","line":61,"loc":{"start":{"line":61,"column":16},"end":{"line":64,"column":7}},"locations":[{"start":{"line":61,"column":16},"end":{"line":64,"column":7}}]},"3":{"type":"branch","line":65,"loc":{"start":{"line":65,"column":17},"end":{"line":68,"column":7}},"locations":[{"start":{"line":65,"column":17},"end":{"line":68,"column":7}}]},"4":{"type":"branch","line":71,"loc":{"start":{"line":71,"column":6},"end":{"line":71,"column":57}},"locations":[{"start":{"line":71,"column":6},"end":{"line":71,"column":57}}]},"5":{"type":"branch","line":71,"loc":{"start":{"line":71,"column":32},"end":{"line":71,"column":57}},"locations":[{"start":{"line":71,"column":32},"end":{"line":71,"column":57}}]},"6":{"type":"branch","line":71,"loc":{"start":{"line":71,"column":32},"end":{"line":71,"column":57}},"locations":[{"start":{"line":71,"column":32},"end":{"line":71,"column":57}}]},"7":{"type":"branch","line":73,"loc":{"start":{"line":73,"column":17},"end":{"line":76,"column":9}},"locations":[{"start":{"line":73,"column":17},"end":{"line":76,"column":9}}]},"8":{"type":"branch","line":77,"loc":{"start":{"line":77,"column":18},"end":{"line":80,"column":9}},"locations":[{"start":{"line":77,"column":18},"end":{"line":80,"column":9}}]},"9":{"type":"branch","line":81,"loc":{"start":{"line":81,"column":19},"end":{"line":84,"column":9}},"locations":[{"start":{"line":81,"column":19},"end":{"line":84,"column":9}}]},"10":{"type":"branch","line":88,"loc":{"start":{"line":88,"column":15},"end":{"line":92,"column":7}},"locations":[{"start":{"line":88,"column":15},"end":{"line":92,"column":7}}]},"11":{"type":"branch","line":93,"loc":{"start":{"line":93,"column":16},"end":{"line":97,"column":7}},"locations":[{"start":{"line":93,"column":16},"end":{"line":97,"column":7}}]},"12":{"type":"branch","line":98,"loc":{"start":{"line":98,"column":17},"end":{"line":102,"column":7}},"locations":[{"start":{"line":98,"column":17},"end":{"line":102,"column":7}}]},"13":{"type":"branch","line":105,"loc":{"start":{"line":105,"column":17},"end":{"line":117,"column":3}},"locations":[{"start":{"line":105,"column":17},"end":{"line":117,"column":3}}]},"14":{"type":"branch","line":107,"loc":{"start":{"line":107,"column":39},"end":{"line":109,"column":7}},"locations":[{"start":{"line":107,"column":39},"end":{"line":109,"column":7}}]},"15":{"type":"branch","line":110,"loc":{"start":{"line":110,"column":36},"end":{"line":112,"column":7}},"locations":[{"start":{"line":110,"column":36},"end":{"line":112,"column":7}}]},"16":{"type":"branch","line":113,"loc":{"start":{"line":113,"column":38},"end":{"line":115,"column":7}},"locations":[{"start":{"line":113,"column":38},"end":{"line":115,"column":7}}]},"17":{"type":"branch","line":116,"loc":{"start":{"line":116,"column":37},"end":{"line":116,"column":55}},"locations":[{"start":{"line":116,"column":37},"end":{"line":116,"column":55}}]}},"b":{"0":[3],"1":[2],"2":[1],"3":[1],"4":[2],"5":[2],"6":[2],"7":[2],"8":[1],"9":[1],"10":[2],"11":[1],"12":[1],"13":[2],"14":[1],"15":[1],"16":[1],"17":[1]},"fnMap":{"0":{"name":"reducers","decl":{"start":{"line":55,"column":12},"end":{"line":55,"column":25}},"loc":{"start":{"line":55,"column":12},"end":{"line":55,"column":25}},"line":55},"1":{"name":"pending","decl":{"start":{"line":57,"column":15},"end":{"line":60,"column":7}},"loc":{"start":{"line":57,"column":15},"end":{"line":60,"column":7}},"line":57},"2":{"name":"rejected","decl":{"start":{"line":61,"column":16},"end":{"line":64,"column":7}},"loc":{"start":{"line":61,"column":16},"end":{"line":64,"column":7}},"line":61},"3":{"name":"fulfilled","decl":{"start":{"line":65,"column":17},"end":{"line":68,"column":7}},"loc":{"start":{"line":65,"column":17},"end":{"line":68,"column":7}},"line":65},"4":{"name":"updateUser.create.asyncThunk.pending","decl":{"start":{"line":71,"column":6},"end":{"line":71,"column":57}},"loc":{"start":{"line":71,"column":6},"end":{"line":71,"column":57}},"line":71},"5":{"name":"pending","decl":{"start":{"line":73,"column":17},"end":{"line":76,"column":9}},"loc":{"start":{"line":73,"column":17},"end":{"line":76,"column":9}},"line":73},"6":{"name":"rejected","decl":{"start":{"line":77,"column":18},"end":{"line":80,"column":9}},"loc":{"start":{"line":77,"column":18},"end":{"line":80,"column":9}},"line":77},"7":{"name":"fulfilled","decl":{"start":{"line":81,"column":19},"end":{"line":84,"column":9}},"loc":{"start":{"line":81,"column":19},"end":{"line":84,"column":9}},"line":81},"8":{"name":"pending","decl":{"start":{"line":88,"column":15},"end":{"line":92,"column":7}},"loc":{"start":{"line":88,"column":15},"end":{"line":92,"column":7}},"line":88},"9":{"name":"rejected","decl":{"start":{"line":93,"column":16},"end":{"line":97,"column":7}},"loc":{"start":{"line":93,"column":16},"end":{"line":97,"column":7}},"line":93},"10":{"name":"fulfilled","decl":{"start":{"line":98,"column":17},"end":{"line":102,"column":7}},"loc":{"start":{"line":98,"column":17},"end":{"line":102,"column":7}},"line":98},"11":{"name":"extraReducers","decl":{"start":{"line":105,"column":17},"end":{"line":117,"column":3}},"loc":{"start":{"line":105,"column":17},"end":{"line":117,"column":3}},"line":105},"12":{"name":"selectUser","decl":{"start":{"line":119,"column":16},"end":{"line":119,"column":32}},"loc":{"start":{"line":119,"column":16},"end":{"line":119,"column":32}},"line":119},"13":{"name":"selectOrders","decl":{"start":{"line":120,"column":18},"end":{"line":120,"column":34}},"loc":{"start":{"line":120,"column":18},"end":{"line":120,"column":34}},"line":120},"14":{"name":"selectIsOrdersReceived","decl":{"start":{"line":121,"column":28},"end":{"line":121,"column":44}},"loc":{"start":{"line":121,"column":28},"end":{"line":121,"column":44}},"line":121},"15":{"name":"selectErrors","decl":{"start":{"line":122,"column":18},"end":{"line":122,"column":34}},"loc":{"start":{"line":122,"column":18},"end":{"line":122,"column":34}},"line":122},"16":{"name":"selectStatuses","decl":{"start":{"line":123,"column":20},"end":{"line":123,"column":36}},"loc":{"start":{"line":123,"column":20},"end":{"line":123,"column":36}},"line":123}},"f":{"0":3,"1":2,"2":1,"3":1,"4":2,"5":2,"6":1,"7":1,"8":2,"9":1,"10":1,"11":2,"12":0,"13":0,"14":0,"15":0,"16":0}}
,"C:\\Users\\zzzzz\\Desktop\\Projects\\stellar-burgers\\src\\services\\features\\feeds\\feeds.ts": {"path":"C:\\Users\\zzzzz\\Desktop\\Projects\\stellar-burgers\\src\\services\\features\\feeds\\feeds.ts","all":false,"statementMap":{"0":{"start":{"line":1,"column":0},"end":{"line":1,"column":51}},"1":{"start":{"line":2,"column":0},"end":{"line":2,"column":8}},"2":{"start":{"line":3,"column":0},"end":{"line":3,"column":20}},"3":{"start":{"line":4,"column":0},"end":{"line":4,"column":19}},"4":{"start":{"line":5,"column":0},"end":{"line":5,"column":17}},"5":{"start":{"line":6,"column":0},"end":{"line":6,"column":26}},"6":{"start":{"line":7,"column":0},"end":{"line":7,"column":59}},"7":{"start":{"line":8,"column":0},"end":{"line":8,"column":55}},"8":{"start":{"line":9,"column":0},"end":{"line":9,"column":0}},"9":{"start":{"line":10,"column":0},"end":{"line":10,"column":38}},"10":{"start":{"line":11,"column":0},"end":{"line":11,"column":45}},"11":{"start":{"line":12,"column":0},"end":{"line":12,"column":3}},"12":{"start":{"line":13,"column":0},"end":{"line":13,"column":0}},"13":{"start":{"line":14,"column":0},"end":{"line":14,"column":53}},"14":{"start":{"line":15,"column":0},"end":{"line":15,"column":0}},"15":{"start":{"line":16,"column":0},"end":{"line":16,"column":31}},"16":{"start":{"line":17,"column":0},"end":{"line":17,"column":16}},"17":{"start":{"line":18,"column":0},"end":{"line":18,"column":11}},"18":{"start":{"line":19,"column":0},"end":{"line":19,"column":36}},"19":{"start":{"line":20,"column":0},"end":{"line":20,"column":4}},"20":{"start":{"line":21,"column":0},"end":{"line":21,"column":13}},"21":{"start":{"line":22,"column":0},"end":{"line":22,"column":31}},"22":{"start":{"line":23,"column":0},"end":{"line":23,"column":4}},"23":{"start":{"line":24,"column":0},"end":{"line":24,"column":2}},"24":{"start":{"line":25,"column":0},"end":{"line":25,"column":0}},"25":{"start":{"line":26,"column":0},"end":{"line":26,"column":39}},"26":{"start":{"line":27,"column":0},"end":{"line":27,"column":21}},"27":{"start":{"line":28,"column":0},"end":{"line":28,"column":13}},"28":{"start":{"line":29,"column":0},"end":{"line":29,"column":13}},"29":{"start":{"line":30,"column":0},"end":{"line":30,"column":28}},"30":{"start":{"line":31,"column":0},"end":{"line":31,"column":3}},"31":{"start":{"line":32,"column":0},"end":{"line":32,"column":2}},"32":{"start":{"line":33,"column":0},"end":{"line":33,"column":0}},"33":{"start":{"line":34,"column":0},"end":{"line":34,"column":32}},"34":{"start":{"line":35,"column":0},"end":{"line":35,"column":16}},"35":{"start":{"line":36,"column":0},"end":{"line":36,"column":15}},"36":{"start":{"line":37,"column":0},"end":{"line":37,"column":26}},"37":{"start":{"line":38,"column":0},"end":{"line":38,"column":68}},"38":{"start":{"line":39,"column":0},"end":{"line":39,"column":27}},"39":{"start":{"line":40,"column":0},"end":{"line":40,"column":47}},"40":{"start":{"line":41,"column":0},"end":{"line":41,"column":48}},"41":{"start":{"line":42,"column":0},"end":{"line":42,"column":8}},"42":{"start":{"line":43,"column":0},"end":{"line":43,"column":36}},"43":{"start":{"line":44,"column":0},"end":{"line":44,"column":50}},"44":{"start":{"line":45,"column":0},"end":{"line":45,"column":49}},"45":{"start":{"line":46,"column":0},"end":{"line":46,"column":8}},"46":{"start":{"line":47,"column":0},"end":{"line":47,"column":37}},"47":{"start":{"line":48,"column":0},"end":{"line":48,"column":37}},"48":{"start":{"line":49,"column":0},"end":{"line":49,"column":49}},"49":{"start":{"line":50,"column":0},"end":{"line":50,"column":7}},"50":{"start":{"line":51,"column":0},"end":{"line":51,"column":6}},"51":{"start":{"line":52,"column":0},"end":{"line":52,"column":5}},"52":{"start":{"line":53,"column":0},"end":{"line":53,"column":31}},"53":{"start":{"line":54,"column":0},"end":{"line":54,"column":63}},"54":{"start":{"line":55,"column":0},"end":{"line":55,"column":55}},"55":{"start":{"line":56,"column":0},"end":{"line":56,"column":7}},"56":{"start":{"line":57,"column":0},"end":{"line":57,"column":4}},"57":{"start":{"line":58,"column":0},"end":{"line":58,"column":14}},"58":{"start":{"line":59,"column":0},"end":{"line":59,"column":40}},"59":{"start":{"line":60,"column":0},"end":{"line":60,"column":42}},"60":{"start":{"line":61,"column":0},"end":{"line":61,"column":45}},"61":{"start":{"line":62,"column":0},"end":{"line":62,"column":3}},"62":{"start":{"line":63,"column":0},"end":{"line":63,"column":3}},"63":{"start":{"line":64,"column":0},"end":{"line":64,"column":0}},"64":{"start":{"line":65,"column":0},"end":{"line":65,"column":47}},"65":{"start":{"line":66,"column":0},"end":{"line":66,"column":14}},"66":{"start":{"line":67,"column":0},"end":{"line":67,"column":14}},"67":{"start":{"line":68,"column":0},"end":{"line":68,"column":34}},"68":{"start":{"line":69,"column":0},"end":{"line":69,"column":37}},"69":{"start":{"line":70,"column":0},"end":{"line":70,"column":25}},"70":{"start":{"line":71,"column":0},"end":{"line":71,"column":47}}},"s":{"0":1,"1":1,"2":1,"3":1,"4":1,"5":1,"6":1,"7":1,"8":1,"9":1,"10":1,"11":1,"12":1,"13":1,"14":1,"15":1,"16":1,"17":1,"18":1,"19":1,"20":1,"21":1,"22":1,"23":1,"24":1,"25":1,"26":1,"27":1,"28":1,"29":1,"30":1,"31":1,"32":1,"33":1,"34":1,"35":1,"36":1,"37":1,"38":1,"39":2,"40":2,"41":1,"42":1,"43":1,"44":1,"45":1,"46":1,"47":1,"48":1,"49":1,"50":1,"51":1,"52":1,"53":3,"54":1,"55":3,"56":1,"57":1,"58":1,"59":1,"60":1,"61":1,"62":1,"63":1,"64":1,"65":1,"66":1,"67":1,"68":1,"69":1,"70":1},"branchMap":{"0":{"type":"branch","line":37,"loc":{"start":{"line":37,"column":12},"end":{"line":37,"column":25}},"locations":[{"start":{"line":37,"column":12},"end":{"line":37,"column":25}}]},"1":{"type":"branch","line":39,"loc":{"start":{"line":39,"column":15},"end":{"line":42,"column":7}},"locations":[{"start":{"line":39,"column":15},"end":{"line":42,"column":7}}]},"2":{"type":"branch","line":43,"loc":{"start":{"line":43,"column":16},"end":{"line":46,"column":7}},"locations":[{"start":{"line":43,"column":16},"end":{"line":46,"column":7}}]},"3":{"type":"branch","line":47,"loc":{"start":{"line":47,"column":17},"end":{"line":50,"column":7}},"locations":[{"start":{"line":47,"column":17},"end":{"line":50,"column":7}}]},"4":{"type":"branch","line":53,"loc":{"start":{"line":53,"column":17},"end":{"line":57,"column":3}},"locations":[{"start":{"line":53,"column":17},"end":{"line":57,"column":3}}]},"5":{"type":"branch","line":54,"loc":{"start":{"line":54,"column":43},"end":{"line":56,"column":5}},"locations":[{"start":{"line":54,"column":43},"end":{"line":56,"column":5}}]}},"b":{"0":[3],"1":[2],"2":[1],"3":[1],"4":[3],"5":[1]},"fnMap":{"0":{"name":"reducers","decl":{"start":{"line":37,"column":12},"end":{"line":37,"column":25}},"loc":{"start":{"line":37,"column":12},"end":{"line":37,"column":25}},"line":37},"1":{"name":"pending","decl":{"start":{"line":39,"column":15},"end":{"line":42,"column":7}},"loc":{"start":{"line":39,"column":15},"end":{"line":42,"column":7}},"line":39},"2":{"name":"rejected","decl":{"start":{"line":43,"column":16},"end":{"line":46,"column":7}},"loc":{"start":{"line":43,"column":16},"end":{"line":46,"column":7}},"line":43},"3":{"name":"fulfilled","decl":{"start":{"line":47,"column":17},"end":{"line":50,"column":7}},"loc":{"start":{"line":47,"column":17},"end":{"line":50,"column":7}},"line":47},"4":{"name":"extraReducers","decl":{"start":{"line":53,"column":17},"end":{"line":57,"column":3}},"loc":{"start":{"line":53,"column":17},"end":{"line":57,"column":3}},"line":53},"5":{"name":"selectFeeds","decl":{"start":{"line":59,"column":17},"end":{"line":59,"column":33}},"loc":{"start":{"line":59,"column":17},"end":{"line":59,"column":33}},"line":59},"6":{"name":"selectErrors","decl":{"start":{"line":60,"column":18},"end":{"line":60,"column":34}},"loc":{"start":{"line":60,"column":18},"end":{"line":60,"column":34}},"line":60},"7":{"name":"selectStatuses","decl":{"start":{"line":61,"column":20},"end":{"line":61,"column":36}},"loc":{"start":{"line":61,"column":20},"end":{"line":61,"column":36}},"line":61}},"f":{"0":3,"1":2,"2":1,"3":1,"4":3,"5":0,"6":0,"7":0}}
,"C:\\Users\\zzzzz\\Desktop\\Projects\\stellar-burgers\\src\\services\\features\\ingredients\\ingredients.ts": {"path":"C:\\Users\\zzzzz\\Desktop\\Projects\\stellar-burgers\\src\\services\\features\\ingredients\\ingredients.ts","all":false,"statementMap":{"0":{"start":{"line":1,"column":0},"end":{"line":1,"column":8}},"1":{"start":{"line":2,"column":0},"end":{"line":2,"column":20}},"2":{"start":{"line":3,"column":0},"end":{"line":3,"column":19}},"3":{"start":{"line":4,"column":0},"end":{"line":4,"column":16}},"4":{"start":{"line":5,"column":0},"end":{"line":5,"column":17}},"5":{"start":{"line":6,"column":0},"end":{"line":6,"column":26}},"6":{"start":{"line":7,"column":0},"end":{"line":7,"column":41}},"7":{"start":{"line":8,"column":0},"end":{"line":8,"column":43}},"8":{"start":{"line":9,"column":0},"end":{"line":9,"column":40}},"9":{"start":{"line":10,"column":0},"end":{"line":10,"column":0}},"10":{"start":{"line":11,"column":0},"end":{"line":11,"column":38}},"11":{"start":{"line":12,"column":0},"end":{"line":12,"column":45}},"12":{"start":{"line":13,"column":0},"end":{"line":13,"column":3}},"13":{"start":{"line":14,"column":0},"end":{"line":14,"column":0}},"14":{"start":{"line":15,"column":0},"end":{"line":15,"column":33}},"15":{"start":{"line":16,"column":0},"end":{"line":16,"column":29}},"16":{"start":{"line":17,"column":0},"end":{"line":17,"column":11}},"17":{"start":{"line":18,"column":0},"end":{"line":18,"column":42}},"18":{"start":{"line":19,"column":0},"end":{"line":19,"column":4}},"19":{"start":{"line":20,"column":0},"end":{"line":20,"column":13}},"20":{"start":{"line":21,"column":0},"end":{"line":21,"column":37}},"21":{"start":{"line":22,"column":0},"end":{"line":22,"column":4}},"22":{"start":{"line":23,"column":0},"end":{"line":23,"column":2}},"23":{"start":{"line":24,"column":0},"end":{"line":24,"column":0}},"24":{"start":{"line":25,"column":0},"end":{"line":25,"column":41}},"25":{"start":{"line":26,"column":0},"end":{"line":26,"column":18}},"26":{"start":{"line":27,"column":0},"end":{"line":27,"column":13}},"27":{"start":{"line":28,"column":0},"end":{"line":28,"column":13}},"28":{"start":{"line":29,"column":0},"end":{"line":29,"column":34}},"29":{"start":{"line":30,"column":0},"end":{"line":30,"column":3}},"30":{"start":{"line":31,"column":0},"end":{"line":31,"column":2}},"31":{"start":{"line":32,"column":0},"end":{"line":32,"column":0}},"32":{"start":{"line":33,"column":0},"end":{"line":33,"column":38}},"33":{"start":{"line":34,"column":0},"end":{"line":34,"column":22}},"34":{"start":{"line":35,"column":0},"end":{"line":35,"column":15}},"35":{"start":{"line":36,"column":0},"end":{"line":36,"column":26}},"36":{"start":{"line":37,"column":0},"end":{"line":37,"column":79}},"37":{"start":{"line":38,"column":0},"end":{"line":38,"column":27}},"38":{"start":{"line":39,"column":0},"end":{"line":39,"column":53}},"39":{"start":{"line":40,"column":0},"end":{"line":40,"column":54}},"40":{"start":{"line":41,"column":0},"end":{"line":41,"column":8}},"41":{"start":{"line":42,"column":0},"end":{"line":42,"column":36}},"42":{"start":{"line":43,"column":0},"end":{"line":43,"column":56}},"43":{"start":{"line":44,"column":0},"end":{"line":44,"column":55}},"44":{"start":{"line":45,"column":0},"end":{"line":45,"column":8}},"45":{"start":{"line":46,"column":0},"end":{"line":46,"column":37}},"46":{"start":{"line":47,"column":0},"end":{"line":47,"column":43}},"47":{"start":{"line":48,"column":0},"end":{"line":48,"column":55}},"48":{"start":{"line":49,"column":0},"end":{"line":49,"column":7}},"49":{"start":{"line":50,"column":0},"end":{"line":50,"column":6}},"50":{"start":{"line":51,"column":0},"end":{"line":51,"column":5}},"51":{"start":{"line":52,"column":0},"end":{"line":52,"column":14}},"52":{"start":{"line":53,"column":0},"end":{"line":53,"column":52}},"53":{"start":{"line":54,"column":0},"end":{"line":54,"column":72}},"54":{"start":{"line":55,"column":0},"end":{"line":55,"column":69}},"55":{"start":{"line":56,"column":0},"end":{"line":56,"column":42}},"56":{"start":{"line":57,"column":0},"end":{"line":57,"column":45}},"57":{"start":{"line":58,"column":0},"end":{"line":58,"column":3}},"58":{"start":{"line":59,"column":0},"end":{"line":59,"column":3}},"59":{"start":{"line":60,"column":0},"end":{"line":60,"column":0}},"60":{"start":{"line":61,"column":0},"end":{"line":61,"column":73}},"61":{"start":{"line":62,"column":0},"end":{"line":62,"column":60}},"62":{"start":{"line":63,"column":0},"end":{"line":63,"column":0}},"63":{"start":{"line":64,"column":0},"end":{"line":64,"column":59}},"64":{"start":{"line":65,"column":0},"end":{"line":65,"column":14}},"65":{"start":{"line":66,"column":0},"end":{"line":66,"column":20}},"66":{"start":{"line":67,"column":0},"end":{"line":67,"column":19}},"67":{"start":{"line":68,"column":0},"end":{"line":68,"column":40}},"68":{"start":{"line":69,"column":0},"end":{"line":69,"column":43}},"69":{"start":{"line":70,"column":0},"end":{"line":70,"column":31}},"70":{"start":{"line":71,"column":0},"end":{"line":71,"column":59}}},"s":{"0":1,"1":1,"2":1,"3":1,"4":1,"5":1,"6":1,"7":1,"8":1,"9":1,"10":1,"11":1,"12":1,"13":1,"14":1,"15":1,"16":1,"17":1,"18":1,"19":1,"20":1,"21":1,"22":1,"23":1,"24":1,"25":1,"26":1,"27":1,"28":1,"29":1,"30":1,"31":1,"32":1,"33":1,"34":1,"35":1,"36":1,"37":1,"38":2,"39":2,"40":1,"41":1,"42":1,"43":1,"44":1,"45":1,"46":1,"47":1,"48":1,"49":1,"50":1,"51":1,"52":1,"53":1,"54":1,"55":1,"56":1,"57":1,"58":1,"59":1,"60":1,"61":1,"62":1,"63":1,"64":1,"65":1,"66":1,"67":1,"68":1,"69":1,"70":1},"branchMap":{"0":{"type":"branch","line":36,"loc":{"start":{"line":36,"column":12},"end":{"line":36,"column":25}},"locations":[{"start":{"line":36,"column":12},"end":{"line":36,"column":25}}]},"1":{"type":"branch","line":38,"loc":{"start":{"line":38,"column":15},"end":{"line":41,"column":7}},"locations":[{"start":{"line":38,"column":15},"end":{"line":41,"column":7}}]},"2":{"type":"branch","line":42,"loc":{"start":{"line":42,"column":16},"end":{"line":45,"column":7}},"locations":[{"start":{"line":42,"column":16},"end":{"line":45,"column":7}}]},"3":{"type":"branch","line":46,"loc":{"start":{"line":46,"column":17},"end":{"line":49,"column":7}},"locations":[{"start":{"line":46,"column":17},"end":{"line":49,"column":7}}]},"4":{"type":"branch","line":61,"loc":{"start":{"line":61,"column":36},"end":{"line":62,"column":7}},"locations":[{"start":{"line":61,"column":36},"end":{"line":62,"column":7}}]},"5":{"type":"branch","line":61,"loc":{"start":{"line":61,"column":52},"end":{"line":62,"column":60}},"locations":[{"start":{"line":61,"column":52},"end":{"line":62,"column":60}}]},"6":{"type":"branch","line":62,"loc":{"start":{"line":62,"column":37},"end":{"line":62,"column":47}},"locations":[{"start":{"line":62,"column":37},"end":{"line":62,"column":47}}]}},"b":{"0":[2],"1":[2],"2":[1],"3":[1],"4":[1],"5":[1],"6":[1]},"fnMap":{"0":{"name":"reducers","decl":{"start":{"line":36,"column":12},"end":{"line":36,"column":25}},"loc":{"start":{"line":36,"column":12},"end":{"line":36,"column":25}},"line":36},"1":{"name":"pending","decl":{"start":{"line":38,"column":15},"end":{"line":41,"column":7}},"loc":{"start":{"line":38,"column":15},"end":{"line":41,"column":7}},"line":38},"2":{"name":"rejected","decl":{"start":{"line":42,"column":16},"end":{"line":45,"column":7}},"loc":{"start":{"line":42,"column":16},"end":{"line":45,"column":7}},"line":42},"3":{"name":"fulfilled","decl":{"start":{"line":46,"column":17},"end":{"line":49,"column":7}},"loc":{"start":{"line":46,"column":17},"end":{"line":49,"column":7}},"line":46},"4":{"name":"selectIngredients","decl":{"start":{"line":53,"column":23},"end":{"line":53,"column":39}},"loc":{"start":{"line":53,"column":23},"end":{"line":53,"column":39}},"line":53},"5":{"name":"selectIngredient","decl":{"start":{"line":54,"column":22},"end":{"line":55,"column":11}},"loc":{"start":{"line":54,"column":22},"end":{"line":55,"column":11}},"line":54},"6":{"name":"selectErrors","decl":{"start":{"line":56,"column":18},"end":{"line":56,"column":34}},"loc":{"start":{"line":56,"column":18},"end":{"line":56,"column":34}},"line":56},"7":{"name":"selectStatuses","decl":{"start":{"line":57,"column":20},"end":{"line":57,"column":36}},"loc":{"start":{"line":57,"column":20},"end":{"line":57,"column":36}},"line":57},"8":{"name":"selectIngredientById","decl":{"start":{"line":61,"column":36},"end":{"line":62,"column":7}},"loc":{"start":{"line":61,"column":36},"end":{"line":62,"column":7}},"line":61}},"f":{"0":2,"1":2,"2":1,"3":1,"4":0,"5":0,"6":0,"7":0,"8":1}}
,"C:\\Users\\zzzzz\\Desktop\\Projects\\stellar-burgers\\src\\services\\features\\user-order\\user-order.ts": {"path":"C:\\Users\\zzzzz\\Desktop\\Projects\\stellar-burgers\\src\\services\\features\\user-order\\user-order.ts","all":false,"statementMap":{"0":{"start":{"line":1,"column":0},"end":{"line":1,"column":59}},"1":{"start":{"line":2,"column":0},"end":{"line":2,"column":8}},"2":{"start":{"line":3,"column":0},"end":{"line":3,"column":20}},"3":{"start":{"line":4,"column":0},"end":{"line":4,"column":19}},"4":{"start":{"line":5,"column":0},"end":{"line":5,"column":16}},"5":{"start":{"line":6,"column":0},"end":{"line":6,"column":17}},"6":{"start":{"line":7,"column":0},"end":{"line":7,"column":26}},"7":{"start":{"line":8,"column":0},"end":{"line":8,"column":8}},"8":{"start":{"line":9,"column":0},"end":{"line":9,"column":14}},"9":{"start":{"line":10,"column":0},"end":{"line":10,"column":25}},"10":{"start":{"line":11,"column":0},"end":{"line":11,"column":14}},"11":{"start":{"line":12,"column":0},"end":{"line":12,"column":8}},"12":{"start":{"line":13,"column":0},"end":{"line":13,"column":22}},"13":{"start":{"line":14,"column":0},"end":{"line":14,"column":59}},"14":{"start":{"line":15,"column":0},"end":{"line":15,"column":42}},"15":{"start":{"line":16,"column":0},"end":{"line":16,"column":36}},"16":{"start":{"line":17,"column":0},"end":{"line":17,"column":0}},"17":{"start":{"line":18,"column":0},"end":{"line":18,"column":38}},"18":{"start":{"line":19,"column":0},"end":{"line":19,"column":45}},"19":{"start":{"line":20,"column":0},"end":{"line":20,"column":3}},"20":{"start":{"line":21,"column":0},"end":{"line":21,"column":0}},"21":{"start":{"line":22,"column":0},"end":{"line":22,"column":39}},"22":{"start":{"line":23,"column":0},"end":{"line":23,"column":0}},"23":{"start":{"line":24,"column":0},"end":{"line":24,"column":31}},"24":{"start":{"line":25,"column":0},"end":{"line":25,"column":25}},"25":{"start":{"line":26,"column":0},"end":{"line":26,"column":21}},"26":{"start":{"line":27,"column":0},"end":{"line":27,"column":11}},"27":{"start":{"line":28,"column":0},"end":{"line":28,"column":39}},"28":{"start":{"line":29,"column":0},"end":{"line":29,"column":4}},"29":{"start":{"line":30,"column":0},"end":{"line":30,"column":13}},"30":{"start":{"line":31,"column":0},"end":{"line":31,"column":34}},"31":{"start":{"line":32,"column":0},"end":{"line":32,"column":4}},"32":{"start":{"line":33,"column":0},"end":{"line":33,"column":2}},"33":{"start":{"line":34,"column":0},"end":{"line":34,"column":0}},"34":{"start":{"line":35,"column":0},"end":{"line":35,"column":39}},"35":{"start":{"line":36,"column":0},"end":{"line":36,"column":25}},"36":{"start":{"line":37,"column":0},"end":{"line":37,"column":13}},"37":{"start":{"line":38,"column":0},"end":{"line":38,"column":13}},"38":{"start":{"line":39,"column":0},"end":{"line":39,"column":31}},"39":{"start":{"line":40,"column":0},"end":{"line":40,"column":3}},"40":{"start":{"line":41,"column":0},"end":{"line":41,"column":2}},"41":{"start":{"line":42,"column":0},"end":{"line":42,"column":0}},"42":{"start":{"line":43,"column":0},"end":{"line":43,"column":36}},"43":{"start":{"line":44,"column":0},"end":{"line":44,"column":20}},"44":{"start":{"line":45,"column":0},"end":{"line":45,"column":15}},"45":{"start":{"line":46,"column":0},"end":{"line":46,"column":26}},"46":{"start":{"line":47,"column":0},"end":{"line":47,"column":35}},"47":{"start":{"line":48,"column":0},"end":{"line":48,"column":64}},"48":{"start":{"line":49,"column":0},"end":{"line":49,"column":7}},"49":{"start":{"line":50,"column":0},"end":{"line":50,"column":29}},"50":{"start":{"line":51,"column":0},"end":{"line":51,"column":52}},"51":{"start":{"line":52,"column":0},"end":{"line":52,"column":53}},"52":{"start":{"line":53,"column":0},"end":{"line":53,"column":10}},"53":{"start":{"line":54,"column":0},"end":{"line":54,"column":38}},"54":{"start":{"line":55,"column":0},"end":{"line":55,"column":55}},"55":{"start":{"line":56,"column":0},"end":{"line":56,"column":54}},"56":{"start":{"line":57,"column":0},"end":{"line":57,"column":10}},"57":{"start":{"line":58,"column":0},"end":{"line":58,"column":39}},"58":{"start":{"line":59,"column":0},"end":{"line":59,"column":49}},"59":{"start":{"line":60,"column":0},"end":{"line":60,"column":54}},"60":{"start":{"line":61,"column":0},"end":{"line":61,"column":9}},"61":{"start":{"line":62,"column":0},"end":{"line":62,"column":7}},"62":{"start":{"line":63,"column":0},"end":{"line":63,"column":6}},"63":{"start":{"line":64,"column":0},"end":{"line":64,"column":41}},"64":{"start":{"line":65,"column":0},"end":{"line":65,"column":65}},"65":{"start":{"line":66,"column":0},"end":{"line":66,"column":57}},"66":{"start":{"line":67,"column":0},"end":{"line":67,"column":7}},"67":{"start":{"line":68,"column":0},"end":{"line":68,"column":6}},"68":{"start":{"line":69,"column":0},"end":{"line":69,"column":34}},"69":{"start":{"line":70,"column":0},"end":{"line":70,"column":65}},"70":{"start":{"line":71,"column":0},"end":{"line":71,"column":45}},"71":{"start":{"line":72,"column":0},"end":{"line":72,"column":7}},"72":{"start":{"line":73,"column":0},"end":{"line":73,"column":6}},"73":{"start":{"line":74,"column":0},"end":{"line":74,"column":46}},"74":{"start":{"line":75,"column":0},"end":{"line":75,"column":65}},"75":{"start":{"line":76,"column":0},"end":{"line":76,"column":73}},"76":{"start":{"line":77,"column":0},"end":{"line":77,"column":45}},"77":{"start":{"line":78,"column":0},"end":{"line":78,"column":10}},"78":{"start":{"line":79,"column":0},"end":{"line":79,"column":7}},"79":{"start":{"line":80,"column":0},"end":{"line":80,"column":6}},"80":{"start":{"line":81,"column":0},"end":{"line":81,"column":48}},"81":{"start":{"line":82,"column":0},"end":{"line":82,"column":7}},"82":{"start":{"line":83,"column":0},"end":{"line":83,"column":14}},"83":{"start":{"line":84,"column":0},"end":{"line":84,"column":31}},"84":{"start":{"line":85,"column":0},"end":{"line":85,"column":45}},"85":{"start":{"line":86,"column":0},"end":{"line":86,"column":39}},"86":{"start":{"line":87,"column":0},"end":{"line":87,"column":10}},"87":{"start":{"line":88,"column":0},"end":{"line":88,"column":12}},"88":{"start":{"line":89,"column":0},"end":{"line":89,"column":57}},"89":{"start":{"line":90,"column":0},"end":{"line":90,"column":60}},"90":{"start":{"line":91,"column":0},"end":{"line":91,"column":41}},"91":{"start":{"line":92,"column":0},"end":{"line":92,"column":10}},"92":{"start":{"line":93,"column":0},"end":{"line":93,"column":12}},"93":{"start":{"line":94,"column":0},"end":{"line":94,"column":25}},"94":{"start":{"line":95,"column":0},"end":{"line":95,"column":50}},"95":{"start":{"line":96,"column":0},"end":{"line":96,"column":62}},"96":{"start":{"line":97,"column":0},"end":{"line":97,"column":31}},"97":{"start":{"line":98,"column":0},"end":{"line":98,"column":11}},"98":{"start":{"line":99,"column":0},"end":{"line":99,"column":58}},"99":{"start":{"line":100,"column":0},"end":{"line":100,"column":73}},"100":{"start":{"line":101,"column":0},"end":{"line":101,"column":46}},"101":{"start":{"line":102,"column":0},"end":{"line":102,"column":53}},"102":{"start":{"line":103,"column":0},"end":{"line":103,"column":58}},"103":{"start":{"line":104,"column":0},"end":{"line":104,"column":9}},"104":{"start":{"line":105,"column":0},"end":{"line":105,"column":7}},"105":{"start":{"line":106,"column":0},"end":{"line":106,"column":6}},"106":{"start":{"line":107,"column":0},"end":{"line":107,"column":47}},"107":{"start":{"line":108,"column":0},"end":{"line":108,"column":34}},"108":{"start":{"line":109,"column":0},"end":{"line":109,"column":36}},"109":{"start":{"line":110,"column":0},"end":{"line":110,"column":6}},"110":{"start":{"line":111,"column":0},"end":{"line":111,"column":5}},"111":{"start":{"line":112,"column":0},"end":{"line":112,"column":0}},"112":{"start":{"line":113,"column":0},"end":{"line":113,"column":31}},"113":{"start":{"line":114,"column":0},"end":{"line":114,"column":54}},"114":{"start":{"line":115,"column":0},"end":{"line":115,"column":34}},"115":{"start":{"line":116,"column":0},"end":{"line":116,"column":7}},"116":{"start":{"line":117,"column":0},"end":{"line":117,"column":4}},"117":{"start":{"line":118,"column":0},"end":{"line":118,"column":14}},"118":{"start":{"line":119,"column":0},"end":{"line":119,"column":44}},"119":{"start":{"line":120,"column":0},"end":{"line":120,"column":48}},"120":{"start":{"line":121,"column":0},"end":{"line":121,"column":42}},"121":{"start":{"line":122,"column":0},"end":{"line":122,"column":45}},"122":{"start":{"line":123,"column":0},"end":{"line":123,"column":3}},"123":{"start":{"line":124,"column":0},"end":{"line":124,"column":3}},"124":{"start":{"line":125,"column":0},"end":{"line":125,"column":0}},"125":{"start":{"line":126,"column":0},"end":{"line":126,"column":14}},"126":{"start":{"line":127,"column":0},"end":{"line":127,"column":14}},"127":{"start":{"line":128,"column":0},"end":{"line":128,"column":23}},"128":{"start":{"line":129,"column":0},"end":{"line":129,"column":16}},"129":{"start":{"line":130,"column":0},"end":{"line":130,"column":28}},"130":{"start":{"line":131,"column":0},"end":{"line":131,"column":30}},"131":{"start":{"line":132,"column":0},"end":{"line":132,"column":16}},"132":{"start":{"line":133,"column":0},"end":{"line":133,"column":27}},"133":{"start":{"line":134,"column":0},"end":{"line":134,"column":14}},"134":{"start":{"line":135,"column":0},"end":{"line":135,"column":38}},"135":{"start":{"line":136,"column":0},"end":{"line":136,"column":42}},"136":{"start":{"line":137,"column":0},"end":{"line":137,"column":31}},"137":{"start":{"line":138,"column":0},"end":{"line":138,"column":38}},"138":{"start":{"line":139,"column":0},"end":{"line":139,"column":29}},"139":{"start":{"line":140,"column":0},"end":{"line":140,"column":55}}},"s":{"0":1,"1":1,"2":1,"3":1,"4":1,"5":1,"6":1,"7":1,"8":1,"9":1,"10":1,"11":1,"12":1,"13":1,"14":1,"15":1,"16":1,"17":1,"18":1,"19":1,"20":1,"21":1,"22":1,"23":1,"24":1,"25":1,"26":1,"27":1,"28":1,"29":1,"30":1,"31":1,"32":1,"33":1,"34":1,"35":1,"36":1,"37":1,"38":1,"39":1,"40":1,"41":1,"42":1,"43":1,"44":1,"45":1,"46":1,"47":1,"48":1,"49":1,"50":2,"51":2,"52":1,"53":1,"54":1,"55":1,"56":1,"57":1,"58":1,"59":1,"60":1,"61":1,"62":1,"63":1,"64":1,"65":1,"66":1,"67":1,"68":1,"69":1,"70":1,"71":1,"72":1,"73":1,"74":1,"75":1,"76":1,"77":1,"78":1,"79":1,"80":1,"81":1,"82":2,"83":2,"84":2,"85":2,"86":2,"87":2,"88":2,"89":2,"90":2,"91":2,"92":2,"93":2,"94":2,"95":2,"96":2,"97":2,"98":2,"99":2,"100":2,"101":2,"102":2,"103":2,"104":2,"105":1,"106":1,"107":0,"108":0,"109":1,"110":1,"111":1,"112":1,"113":2,"114":1,"115":2,"116":1,"117":1,"118":1,"119":1,"120":1,"121":1,"122":1,"123":1,"124":1,"125":1,"126":1,"127":1,"128":1,"129":1,"130":1,"131":1,"132":1,"133":1,"134":1,"135":1,"136":1,"137":1,"138":1,"139":1},"branchMap":{"0":{"type":"branch","line":46,"loc":{"start":{"line":46,"column":12},"end":{"line":46,"column":25}},"locations":[{"start":{"line":46,"column":12},"end":{"line":46,"column":25}}]},"1":{"type":"branch","line":48,"loc":{"start":{"line":48,"column":6},"end":{"line":48,"column":64}},"locations":[{"start":{"line":48,"column":6},"end":{"line":48,"column":64}}]},"2":{"type":"branch","line":48,"loc":{"start":{"line":48,"column":38},"end":{"line":48,"column":64}},"locations":[{"start":{"line":48,"column":38},"end":{"line":48,"column":64}}]},"3":{"type":"branch","line":48,"loc":{"start":{"line":48,"column":38},"end":{"line":48,"column":64}},"locations":[{"start":{"line":48,"column":38},"end":{"line":48,"column":64}}]},"4":{"type":"branch","line":50,"loc":{"start":{"line":50,"column":17},"end":{"line":53,"column":9}},"locations":[{"start":{"line":50,"column":17},"end":{"line":53,"column":9}}]},"5":{"type":"branch","line":54,"loc":{"start":{"line":54,"column":18},"end":{"line":57,"column":9}},"locations":[{"start":{"line":54,"column":18},"end":{"line":57,"column":9}}]},"6":{"type":"branch","line":58,"loc":{"start":{"line":58,"column":19},"end":{"line":61,"column":9}},"locations":[{"start":{"line":58,"column":19},"end":{"line":61,"column":9}}]},"7":{"type":"branch","line":65,"loc":{"start":{"line":65,"column":6},"end":{"line":67,"column":7}},"locations":[{"start":{"line":65,"column":6},"end":{"line":67,"column":7}}]},"8":{"type":"branch","line":70,"loc":{"start":{"line":70,"column":6},"end":{"line":72,"column":7}},"locations":[{"start":{"line":70,"column":6},"end":{"line":72,"column":7}}]},"9":{"type":"branch","line":75,"loc":{"start":{"line":75,"column":6},"end":{"line":79,"column":7}},"locations":[{"start":{"line":75,"column":6},"end":{"line":79,"column":7}}]},"10":{"type":"branch","line":77,"loc":{"start":{"line":77,"column":10},"end":{"line":77,"column":20}},"locations":[{"start":{"line":77,"column":10},"end":{"line":77,"column":20}}]},"11":{"type":"branch","line":82,"loc":{"start":{"line":82,"column":6},"end":{"line":105,"column":7}},"locations":[{"start":{"line":82,"column":6},"end":{"line":105,"column":7}}]},"12":{"type":"branch","line":95,"loc":{"start":{"line":95,"column":22},"end":{"line":95,"column":46}},"locations":[{"start":{"line":95,"column":22},"end":{"line":95,"column":46}}]},"13":{"type":"branch","line":96,"loc":{"start":{"line":96,"column":59},"end":{"line":97,"column":30}},"locations":[{"start":{"line":96,"column":59},"end":{"line":97,"column":30}}]},"14":{"type":"branch","line":100,"loc":{"start":{"line":100,"column":49},"end":{"line":100,"column":60}},"locations":[{"start":{"line":100,"column":49},"end":{"line":100,"column":60}}]},"15":{"type":"branch","line":100,"loc":{"start":{"line":100,"column":61},"end":{"line":100,"column":72}},"locations":[{"start":{"line":100,"column":61},"end":{"line":100,"column":72}}]},"16":{"type":"branch","line":91,"loc":{"start":{"line":91,"column":10},"end":{"line":91,"column":20}},"locations":
[...]
}},"184":{"start":{"line":185,"column":0},"end":{"line":185,"column":31}},"185":{"start":{"line":186,"column":0},"end":{"line":186,"column":47}},"186":{"start":{"line":187,"column":0},"end":{"line":187,"column":6}},"187":{"start":{"line":188,"column":0},"end":{"line":188,"column":21}},"188":{"start":{"line":189,"column":0},"end":{"line":189,"column":33}},"189":{"start":{"line":190,"column":0},"end":{"line":190,"column":26}},"190":{"start":{"line":191,"column":0},"end":{"line":191,"column":64}},"191":{"start":{"line":192,"column":0},"end":{"line":192,"column":51}},"192":{"start":{"line":193,"column":0},"end":{"line":193,"column":20}},"193":{"start":{"line":194,"column":0},"end":{"line":194,"column":7}},"194":{"start":{"line":195,"column":0},"end":{"line":195,"column":34}},"195":{"start":{"line":196,"column":0},"end":{"line":196,"column":7}},"196":{"start":{"line":197,"column":0},"end":{"line":197,"column":1}},"197":{"start":{"line":198,"column":0},"end":{"line":198,"column":0}},"198":{"start":{"line":199,"column":0},"end":{"line":199,"column":35}},"199":{"start":{"line":200,"column":0},"end":{"line":200,"column":16}},"200":{"start":{"line":201,"column":0},"end":{"line":201,"column":2}},"201":{"start":{"line":202,"column":0},"end":{"line":202,"column":0}},"202":{"start":{"line":203,"column":0},"end":{"line":203,"column":63}},"203":{"start":{"line":204,"column":0},"end":{"line":204,"column":34}},"204":{"start":{"line":205,"column":0},"end":{"line":205,"column":19}},"205":{"start":{"line":206,"column":0},"end":{"line":206,"column":14}},"206":{"start":{"line":207,"column":0},"end":{"line":207,"column":54}},"207":{"start":{"line":208,"column":0},"end":{"line":208,"column":6}},"208":{"start":{"line":209,"column":0},"end":{"line":209,"column":30}},"209":{"start":{"line":210,"column":0},"end":{"line":210,"column":4}},"210":{"start":{"line":211,"column":0},"end":{"line":211,"column":59}},"211":{"start":{"line":212,"column":0},"end":{"line":212,"column":21}},"212":{"start":{"line":213,"column":0},"end":{"line":213,"column":37}},"213":{"start":{"line":214,"column":0},"end":{"line":214,"column":34}},"214":{"start":{"line":215,"column":0},"end":{"line":215,"column":7}},"215":{"start":{"line":216,"column":0},"end":{"line":216,"column":0}},"216":{"start":{"line":217,"column":0},"end":{"line":217,"column":34}},"217":{"start":{"line":218,"column":0},"end":{"line":218,"column":19}},"218":{"start":{"line":219,"column":0},"end":{"line":219,"column":16}},"219":{"start":{"line":220,"column":0},"end":{"line":220,"column":2}},"220":{"start":{"line":221,"column":0},"end":{"line":221,"column":0}},"221":{"start":{"line":222,"column":0},"end":{"line":222,"column":61}},"222":{"start":{"line":223,"column":0},"end":{"line":223,"column":40}},"223":{"start":{"line":224,"column":0},"end":{"line":224,"column":19}},"224":{"start":{"line":225,"column":0},"end":{"line":225,"column":14}},"225":{"start":{"line":226,"column":0},"end":{"line":226,"column":54}},"226":{"start":{"line":227,"column":0},"end":{"line":227,"column":6}},"227":{"start":{"line":228,"column":0},"end":{"line":228,"column":30}},"228":{"start":{"line":229,"column":0},"end":{"line":229,"column":4}},"229":{"start":{"line":230,"column":0},"end":{"line":230,"column":59}},"230":{"start":{"line":231,"column":0},"end":{"line":231,"column":21}},"231":{"start":{"line":232,"column":0},"end":{"line":232,"column":37}},"232":{"start":{"line":233,"column":0},"end":{"line":233,"column":34}},"233":{"start":{"line":234,"column":0},"end":{"line":234,"column":7}},"234":{"start":{"line":235,"column":0},"end":{"line":235,"column":0}},"235":{"start":{"line":236,"column":0},"end":{"line":236,"column":61}},"236":{"start":{"line":237,"column":0},"end":{"line":237,"column":0}},"237":{"start":{"line":238,"column":0},"end":{"line":238,"column":31}},"238":{"start":{"line":239,"column":0},"end":{"line":239,"column":55}},"239":{"start":{"line":240,"column":0},"end":{"line":240,"column":14}},"240":{"start":{"line":241,"column":0},"end":{"line":241,"column":45}},"241":{"start":{"line":242,"column":0},"end":{"line":242,"column":20}},"242":{"start":{"line":243,"column":0},"end":{"line":243,"column":5}},"243":{"start":{"line":244,"column":0},"end":{"line":244,"column":0}},"244":{"start":{"line":245,"column":0},"end":{"line":245,"column":64}},"245":{"start":{"line":246,"column":0},"end":{"line":246,"column":60}},"246":{"start":{"line":247,"column":0},"end":{"line":247,"column":62}},"247":{"start":{"line":248,"column":0},"end":{"line":248,"column":20}},"248":{"start":{"line":249,"column":0},"end":{"line":249,"column":14}},"249":{"start":{"line":250,"column":0},"end":{"line":250,"column":55}},"250":{"start":{"line":251,"column":0},"end":{"line":251,"column":45}},"251":{"start":{"line":252,"column":0},"end":{"line":252,"column":21}},"252":{"start":{"line":253,"column":0},"end":{"line":253,"column":30}},"253":{"start":{"line":254,"column":0},"end":{"line":254,"column":5}},"254":{"start":{"line":255,"column":0},"end":{"line":255,"column":2}},"255":{"start":{"line":256,"column":0},"end":{"line":256,"column":0}},"256":{"start":{"line":257,"column":0},"end":{"line":257,"column":30}},"257":{"start":{"line":258,"column":0},"end":{"line":258,"column":31}},"258":{"start":{"line":259,"column":0},"end":{"line":259,"column":19}},"259":{"start":{"line":260,"column":0},"end":{"line":260,"column":14}},"260":{"start":{"line":261,"column":0},"end":{"line":261,"column":54}},"261":{"start":{"line":262,"column":0},"end":{"line":262,"column":6}},"262":{"start":{"line":263,"column":0},"end":{"line":263,"column":26}},"263":{"start":{"line":264,"column":0},"end":{"line":264,"column":49}},"264":{"start":{"line":265,"column":0},"end":{"line":265,"column":6}},"265":{"start":{"line":266,"column":0},"end":{"line":266,"column":4}},"266":{"start":{"line":267,"column":0},"end":{"line":267,"column":59}},"267":{"start":{"line":268,"column":0},"end":{"line":268,"column":21}},"268":{"start":{"line":269,"column":0},"end":{"line":269,"column":26}},"269":{"start":{"line":270,"column":0},"end":{"line":270,"column":36}},"270":{"start":{"line":271,"column":0},"end":{"line":271,"column":7}},"271":{"start":{"line":272,"column":0},"end":{"line":272,"column":35}},"272":{"start":{"line":273,"column":0},"end":{"line":273,"column":47}},"273":{"start":{"line":274,"column":0},"end":{"line":274,"column":18}},"274":{"start":{"line":275,"column":0},"end":{"line":275,"column":7}}},"s":{"0":1,"1":1,"2":1,"3":1,"4":1,"5":1,"6":3,"7":1,"8":1,"9":1,"10":1,"11":1,"12":1,"13":1,"14":1,"15":1,"16":1,"17":1,"18":0,"19":0,"20":0,"21":0,"22":0,"23":0,"24":0,"25":0,"26":0,"27":0,"28":0,"29":0,"30":0,"31":0,"32":0,"33":0,"34":0,"35":0,"36":0,"37":0,"38":1,"39":1,"40":0,"41":0,"42":0,"43":0,"44":0,"45":0,"46":0,"47":0,"48":0,"49":0,"50":0,"51":0,"52":0,"53":0,"54":0,"55":0,"56":0,"57":0,"58":0,"59":0,"60":1,"61":1,"62":1,"63":1,"64":1,"65":1,"66":1,"67":1,"68":1,"69":1,"70":1,"71":1,"72":1,"73":1,"74":1,"75":1,"76":0,"77":0,"78":0,"79":0,"80":0,"81":0,"82":1,"83":1,"84":0,"85":0,"86":0,"87":0,"88":0,"89":0,"90":1,"91":1,"92":0,"93":0,"94":0,"95":0,"96":0,"97":0,"98":0,"99":0,"100":0,"101":0,"102":1,"103":1,"104":1,"105":1,"106":1,"107":1,"108":1,"109":1,"110":1,"111":1,"112":1,"113":0,"114":0,"115":0,"116":0,"117":0,"118":0,"119":0,"120":0,"121":0,"122":0,"123":0,"124":0,"125":0,"126":1,"127":1,"128":1,"129":1,"130":1,"131":1,"132":0,"133":0,"134":0,"135":0,"136":0,"137":0,"138":1,"139":1,"140":1,"141":1,"142":1,"143":1,"144":1,"145":1,"146":1,"147":1,"148":1,"149":1,"150":1,"151":1,"152":1,"153":1,"154":1,"155":1,"156":1,"157":1,"158":1,"159":1,"160":1,"161":1,"162":1,"163":1,"164":1,"165":1,"166":0,"167":1,"168":1,"169":1,"170":1,"171":1,"172":1,"173":1,"174":1,"175":1,"176":1,"177":1,"178":1,"179":1,"180":1,"181":1,"182":1,"183":1,"184":1,"185":1,"186":1,"187":1,"188":1,"189":1,"190":1,"191":1,"192":1,"193":1,"194":0,"195":1,"196":1,"197":1,"198":1,"199":1,"200":1,"201":1,"202":1,"203":0,"204":0,"205":0,"206":0,"207":0,"208":0,"209":0,"210":0,"211":0,"212":0,"213":0,"214":0,"215":1,"216":1,"217":1,"218":1,"219":1,"220":1,"221":1,"222":0,"223":0,"224":0,"225":0,"226":0,"227":0,"228":0,"229":0,"230":0,"231":0,"232":0,"233":0,"234":1,"235":1,"236":1,"237":1,"238":0,"239":0,"240":0,"241":0,"242":0,"243":1,"244":1,"245":0,"246":0,"247":0,"248":0,"249":0,"250":0,"251":0,"252":0,"253":0,"254":0,"255":1,"256":1,"257":1,"258":1,"259":1,"260":1,"261":1,"262":1,"263":1,"264":1,"265":1,"266":1,"267":1,"268":1,"269":0,"270":0,"271":1,"272":1,"273":1,"274":1},"branchMap":{"0":{"type":"branch","line":6,"loc":{"start":{"line":6,"column":22},"end":{"line":7,"column":70}},"locations":[{"start":{"line":6,"column":22},"end":{"line":7,"column":70}}]},"1":{"type":"branch","line":7,"loc":{"start":{"line":7,"column":22},"end":{"line":7,"column":69}},"locations":[{"start":{"line":7,"column":22},"end":{"line":7,"column":69}}]},"2":{"type":"branch","line":152,"loc":{"start":{"line":152,"column":31},"end":{"line":168,"column":7}},"locations":[{"start":{"line":152,"column":31},"end":{"line":168,"column":7}}]},"3":{"type":"branch","line":160,"loc":{"start":{"line":160,"column":10},"end":{"line":160,"column":32}},"locations":[{"start":{"line":160,"column":10},"end":{"line":160,"column":32}}]},"4":{"type":"branch","line":161,"loc":{"start":{"line":161,"column":10},"end":{"line":168,"column":5}},"locations":[{"start":{"line":161,"column":10},"end":{"line":168,"column":5}}]},"5":{"type":"branch","line":162,"loc":{"start":{"line":162,"column":14},"end":{"line":162,"column":16}},"locations":[{"start":{"line":162,"column":14},"end":{"line":162,"column":16}}]},"6":{"type":"branch","line":167,"loc":{"start":{"line":167,"column":-2},"end":{"line":168,"column":5}},"locations":[{"start":{"line":167,"column":-2},"end":{"line":168,"column":5}}]},"7":{"type":"branch","line":175,"loc":{"start":{"line":175,"column":28},"end":{"line":197,"column":1}},"locations":[{"start":{"line":175,"column":28},"end":{"line":197,"column":1}}]},"8":{"type":"branch","line":184,"loc":{"start":{"line":184,"column":10},"end":{"line":187,"column":5}},"locations":[{"start":{"line":184,"column":10},"end":{"line":187,"column":5}}]},"9":{"type":"branch","line":188,"loc":{"start":{"line":188,"column":10},"end":{"line":196,"column":5}},"locations":[{"start":{"line":188,"column":10},"end":{"line":196,"column":5}}]},"10":{"type":"branch","line":190,"loc":{"start":{"line":190,"column":14},"end":{"line":190,"column":16}},"locations":[{"start":{"line":190,"column":14},"end":{"line":190,"column":16}}]},"11":{"type":"branch","line":195,"loc":{"start":{"line":195,"column":-2},"end":{"line":196,"column":5}},"locations":[{"start":{"line":195,"column":-2},"end":{"line":196,"column":5}}]},"12":{"type":"branch","line":257,"loc":{"start":{"line":257,"column":25},"end":{"line":275,"column":7}},"locations":[{"start":{"line":257,"column":25},"end":{"line":275,"column":7}}]},"13":{"type":"branch","line":267,"loc":{"start":{"line":267,"column":10},"end":{"line":267,"column":32}},"locations":[{"start":{"line":267,"column":10},"end":{"line":267,"column":32}}]},"14":{"type":"branch","line":268,"loc":{"start":{"line":268,"column":10},"end":{"line":275,"column":5}},"locations":[{"start":{"line":268,"column":10},"end":{"line":275,"column":5}}]},"15":{"type":"branch","line":269,"loc":{"start":{"line":269,"column":25},"end":{"line":271,"column":7}},"locations":[{"start":{"line":269,"column":25},"end":{"line":271,"column":7}}]}},"b":{"0":[3],"1":[0],"2":[1],"3":[1],"4":[1],"5":[0],"6":[0],"7":[1],"8":[1],"9":[1],"10":[0],"11":[0],"12":[1],"13":[1],"14":[1],"15":[0]},"fnMap":{"0":{"name":"checkResponse","decl":{"start":{"line":6,"column":22},"end":{"line":7,"column":70}},"loc":{"start":{"line":6,"column":22},"end":{"line":7,"column":70}},"line":6},"1":{"name":"refreshToken","decl":{"start":{"line":18,"column":28},"end":{"line":38,"column":7}},"loc":{"start":{"line":18,"column":28},"end":{"line":38,"column":7}},"line":18},"2":{"name":"fetchWithRefresh","decl":{"start":{"line":40,"column":32},"end":{"line":60,"column":2}},"loc":{"start":{"line":40,"column":32},"end":{"line":60,"column":2}},"line":40},"3":{"name":"getIngredientsApi","decl":{"start":{"line":76,"column":33},"end":{"line":82,"column":7}},"loc":{"start":{"line":76,"column":33},"end":{"line":82,"column":7}},"line":76},"4":{"name":"getFeedsApi","decl":{"start":{"line":84,"column":27},"end":{"line":90,"column":7}},"loc":{"start":{"line":84,"column":27},"end":{"line":90,"column":7}},"line":84},"5":{"name":"getOrdersApi","decl":{"start":{"line":92,"column":28},"end":{"line":102,"column":5}},"loc":{"start":{"line":92,"column":28},"end":{"line":102,"column":5}},"line":92},"6":{"name":"orderBurgerApi","decl":{"start":{"line":113,"column":30},"end":{"line":126,"column":5}},"loc":{"start":{"line":113,"column":30},"end":{"line":126,"column":5}},"line":113},"7":{"name":"getOrderByNumberApi","decl":{"start":{"line":132,"column":35},"end":{"line":138,"column":55}},"loc":{"start":{"line":132,"column":35},"end":{"line":138,"column":55}},"line":132},"8":{"name":"registerUserApi","decl":{"start":{"line":152,"column":31},"end":{"line":168,"column":7}},"loc":{"start":{"line":152,"column":31},"end":{"line":168,"column":7}},"line":152},"9":{"name":"loginUserApi","decl":{"start":{"line":175,"column":28},"end":{"line":197,"column":1}},"loc":{"start":{"line":175,"column":28},"end":{"line":197,"column":1}},"line":175},"10":{"name":"forgotPasswordApi","decl":{"start":{"line":203,"column":33},"end":{"line":215,"column":7}},"loc":{"start":{"line":203,"column":33},"end":{"line":215,"column":7}},"line":203},"11":{"name":"resetPasswordApi","decl":{"start":{"line":222,"column":32},"end":{"line":234,"column":7}},"loc":{"start":{"line":222,"column":32},"end":{"line":234,"column":7}},"line":222},"12":{"name":"getUserApi","decl":{"start":{"line":238,"column":26},"end":{"line":243,"column":5}},"loc":{"start":{"line":238,"column":26},"end":{"line":243,"column":5}},"line":238},"13":{"name":"updateUserApi","decl":{"start":{"line":245,"column":29},"end":{"line":255,"column":2}},"loc":{"start":{"line":245,"column":29},"end":{"line":255,"column":2}},"line":245},"14":{"name":"logoutApi","decl":{"start":{"line":257,"column":25},"end":{"line":275,"column":7}},"loc":{"start":{"line":257,"column":25},"end":{"line":275,"column":7}},"line":257}},"f":{"0":3,"1":0,"2":0,"3":0,"4":0,"5":0,"6":0,"7":0,"8":1,"9":1,"10":0,"11":0,"12":0,"13":0,"14":1}}
,"C:\\Users\\zzzzz\\Desktop\\Projects\\stellar-burgers\\src\\utils\\cookie.ts": {"path":"C:\\Users\\zzzzz\\Desktop\\Projects\\stellar-burgers\\src\\utils\\cookie.ts","all":false,"statementMap":{"0":{"start":{"line":1,"column":0},"end":{"line":1,"column":61}},"1":{"start":{"line":2,"column":0},"end":{"line":2,"column":40}},"2":{"start":{"line":3,"column":0},"end":{"line":3,"column":15}},"3":{"start":{"line":4,"column":0},"end":{"line":4,"column":18}},"4":{"start":{"line":5,"column":0},"end":{"line":5,"column":53}},"5":{"start":{"line":6,"column":0},"end":{"line":6,"column":62}},"6":{"start":{"line":7,"column":0},"end":{"line":7,"column":18}},"7":{"start":{"line":8,"column":0},"end":{"line":8,"column":5}},"8":{"start":{"line":9,"column":0},"end":{"line":9,"column":4}},"9":{"start":{"line":10,"column":0},"end":{"line":10,"column":62}},"10":{"start":{"line":11,"column":0},"end":{"line":11,"column":1}},"11":{"start":{"line":12,"column":0},"end":{"line":12,"column":0}},"12":{"start":{"line":13,"column":0},"end":{"line":13,"column":26}},"13":{"start":{"line":14,"column":0},"end":{"line":14,"column":15}},"14":{"start":{"line":15,"column":0},"end":{"line":15,"column":16}},"15":{"start":{"line":16,"column":0},"end":{"line":16,"column":65}},"16":{"start":{"line":17,"column":0},"end":{"line":17,"column":3}},"17":{"start":{"line":18,"column":0},"end":{"line":18,"column":11}},"18":{"start":{"line":19,"column":0},"end":{"line":19,"column":14}},"19":{"start":{"line":20,"column":0},"end":{"line":20,"column":12}},"20":{"start":{"line":21,"column":0},"end":{"line":21,"column":4}},"21":{"start":{"line":22,"column":0},"end":{"line":22,"column":0}},"22":{"start":{"line":23,"column":0},"end":{"line":23,"column":26}},"23":{"start":{"line":24,"column":0},"end":{"line":24,"column":39}},"24":{"start":{"line":25,"column":0},"end":{"line":25,"column":25}},"25":{"start":{"line":26,"column":0},"end":{"line":26,"column":40}},"26":{"start":{"line":27,"column":0},"end":{"line":27,"column":28}},"27":{"start":{"line":28,"column":0},"end":{"line":28,"column":3}},"28":{"start":{"line":29,"column":0},"end":{"line":29,"column":0}},"29":{"start":{"line":30,"column":0},"end":{"line":30,"column":35}},"30":{"start":{"line":31,"column":0},"end":{"line":31,"column":38}},"31":{"start":{"line":32,"column":0},"end":{"line":32,"column":3}},"32":{"start":{"line":33,"column":0},"end":{"line":33,"column":36}},"33":{"start":{"line":34,"column":0},"end":{"line":34,"column":41}},"34":{"start":{"line":35,"column":0},"end":{"line":35,"column":33}},"35":{"start":{"line":36,"column":0},"end":{"line":36,"column":37}},"36":{"start":{"line":37,"column":0},"end":{"line":37,"column":38}},"37":{"start":{"line":38,"column":0},"end":{"line":38,"column":29}},"38":{"start":{"line":39,"column":0},"end":{"line":39,"column":39}},"39":{"start":{"line":40,"column":0},"end":{"line":40,"column":5}},"40":{"start":{"line":41,"column":0},"end":{"line":41,"column":3}},"41":{"start":{"line":42,"column":0},"end":{"line":42,"column":34}},"42":{"start":{"line":43,"column":0},"end":{"line":43,"column":1}},"43":{"start":{"line":44,"column":0},"end":{"line":44,"column":0}},"44":{"start":{"line":45,"column":0},"end":{"line":45,"column":44}},"45":{"start":{"line":46,"column":0},"end":{"line":46,"column":39}},"46":{"start":{"line":47,"column":0},"end":{"line":47,"column":1}}},"s":{"0":2,"1":2,"2":2,"3":2,"4":2,"5":2,"6":2,"7":2,"8":2,"9":2,"10":2,"11":1,"12":3,"13":3,"14":3,"15":3,"16":3,"17":3,"18":3,"19":3,"20":3,"21":3,"22":3,"23":3,"24":0,"25":0,"26":0,"27":0,"28":3,"29":3,"30":0,"31":0,"32":3,"33":3,"34":3,"35":3,"36":3,"37":3,"38":3,"39":3,"40":3,"41":3,"42":3,"43":1,"44":0,"45":0,"46":0},"branchMap":{"0":{"type":"branch","line":1,"loc":{"start":{"line":1,"column":0},"end":{"line":11,"column":1}},"locations":[{"start":{"line":1,"column":0},"end":{"line":11,"column":1}}]},"1":{"type":"branch","line":10,"loc":{"start":{"line":10,"column":50},"end":{"line":10,"column":61}},"locations":[{"start":{"line":10,"column":50},"end":{"line":10,"column":61}}]},"2":{"type":"branch","line":13,"loc":{"start":{"line":13,"column":0},"end":{"line":43,"column":1}},"locations":[{"start":{"line":13,"column":0},"end":{"line":43,"column":1}}]},"3":{"type":"branch","line":24,"loc":{"start":{"line":24,"column":9},"end":{"line":24,"column":36}},"locations":[{"start":{"line":24,"column":9},"end":{"line":24,"column":36}}]},"4":{"type":"branch","line":24,"loc":{"start":{"line":24,"column":38},"end":{"line":28,"column":3}},"locations":[{"start":{"line":24,"column":38},"end":{"line":28,"column":3}}]},"5":{"type":"branch","line":30,"loc":{"start":{"line":30,"column":9},"end":{"line":30,"column":32}},"locations":[{"start":{"line":30,"column":9},"end":{"line":30,"column":32}}]},"6":{"type":"branch","line":30,"loc":{"start":{"line":30,"column":34},"end":{"line":32,"column":3}},"locations":[{"start":{"line":30,"column":34},"end":{"line":32,"column":3}}]}},"b":{"0":[2],"1":[0],"2":[3],"3":[0],"4":[0],"5":[0],"6":[0]},"fnMap":{"0":{"name":"getCookie","decl":{"start":{"line":1,"column":0},"end":{"line":11,"column":1}},"loc":{"start":{"line":1,"column":0},"end":{"line":11,"column":1}},"line":1},"1":{"name":"setCookie","decl":{"start":{"line":13,"column":0},"end":{"line":43,"column":1}},"loc":{"start":{"line":13,"column":0},"end":{"line":43,"column":1}},"line":13},"2":{"name":"deleteCookie","decl":{"start":{"line":45,"column":0},"end":{"line":47,"column":1}},"loc":{"start":{"line":45,"column":0},"end":{"line":47,"column":1}},"line":45}},"f":{"0":2,"1":3,"2":0}}
}
