TN:
SF:__test__\constants.ts
FNF:0
FNH:0
DA:1,1
DA:2,1
DA:3,1
DA:4,1
DA:5,1
DA:6,1
DA:7,1
DA:8,1
DA:9,1
DA:10,1
DA:11,1
DA:12,1
DA:13,1
DA:14,1
DA:15,1
DA:16,1
DA:17,1
DA:18,1
DA:19,1
DA:20,1
DA:21,1
DA:22,1
DA:23,1
DA:24,1
DA:25,1
DA:26,1
DA:27,1
DA:28,1
DA:29,1
DA:30,1
DA:31,1
DA:32,1
DA:33,1
DA:34,1
DA:35,1
DA:36,1
DA:37,1
DA:38,1
DA:39,1
DA:40,1
DA:41,1
DA:42,1
DA:43,1
DA:44,1
DA:45,1
DA:46,1
DA:47,1
DA:48,1
DA:49,1
DA:50,1
DA:51,1
DA:52,1
DA:53,1
DA:54,1
DA:55,1
DA:56,1
LF:56
LH:56
BRF:0
BRH:0
end_of_record
TN:
SF:src\constants\constants.ts
FNF:0
FNH:0
DA:1,1
DA:2,1
DA:3,1
DA:4,1
DA:5,1
DA:6,1
DA:7,1
DA:8,1
DA:9,1
DA:10,1
DA:11,1
DA:12,1
DA:13,1
DA:14,1
DA:15,1
DA:16,1
DA:17,1
DA:18,1
DA:19,1
DA:20,1
DA:21,1
DA:22,1
DA:23,1
DA:24,1
DA:25,1
DA:26,1
DA:27,1
DA:28,1
DA:29,1
DA:30,1
DA:31,1
LF:31
LH:31
BRF:0
BRH:0
end_of_record
TN:
SF:src\services\features\auth\auth.ts
FN:62,reducers
FN:63,login.create.asyncThunk.pending
FN:65,pending
FN:70,rejected
FN:75,fulfilled
FN:82,register.create.asyncThunk.pending
FN:84,pending
FN:89,rejected
FN:94,fulfilled
FN:103,forgotPassword.create.asyncThunk.pending
FN:105,pending
FN:109,rejected
FN:113,fulfilled
FN:120,resetPassword.create.asyncThunk.pending
FN:122,pending
FN:126,rejected
FN:130,fulfilled
FN:137,pending
FN:141,rejected
FN:145,fulfilled
FN:156,extraReducers
FN:166,selectIsAuthChecked
FN:167,selectIsAuthenticated
FN:168,selectErrors
FN:169,selectStatuses
FN:170,selectPathToReturnAfterAuth
FNF:26
FNH:18
FNDA:3,reducers
FNDA:2,login.create.asyncThunk.pending
FNDA:2,pending
FNDA:1,rejected
FNDA:1,fulfilled
FNDA:2,register.create.asyncThunk.pending
FNDA:2,pending
FNDA:1,rejected
FNDA:1,fulfilled
FNDA:1,forgotPassword.create.asyncThunk.pending
FNDA:1,pending
FNDA:1,rejected
FNDA:0,fulfilled
FNDA:1,resetPassword.create.asyncThunk.pending
FNDA:1,pending
FNDA:1,rejected
FNDA:0,fulfilled
FNDA:1,pending
FNDA:0,rejected
FNDA:1,fulfilled
FNDA:2,extraReducers
FNDA:0,selectIsAuthChecked
FNDA:0,selectIsAuthenticated
FNDA:0,selectErrors
FNDA:0,selectStatuses
FNDA:0,selectPathToReturnAfterAuth
DA:1,1
DA:2,1
DA:3,1
DA:4,1
DA:5,1
DA:6,1
DA:7,1
DA:8,1
DA:9,1
DA:10,1
DA:11,1
DA:12,1
DA:13,1
DA:14,1
DA:15,1
DA:16,1
DA:17,1
DA:18,1
DA:19,1
DA:20,1
DA:21,1
DA:22,1
DA:23,1
DA:24,1
DA:25,1
DA:26,1
DA:27,1
DA:28,1
DA:29,1
DA:30,1
DA:31,1
DA:32,1
DA:33,1
DA:34,1
DA:35,1
DA:36,1
DA:37,1
DA:38,1
DA:39,1
DA:40,1
DA:41,1
DA:42,1
DA:43,1
DA:44,1
DA:45,1
DA:46,1
DA:47,1
DA:48,1
DA:49,1
DA:50,1
DA:51,1
DA:52,1
DA:53,1
DA:54,1
DA:55,1
DA:56,1
DA:57,1
DA:58,1
DA:59,1
DA:60,1
DA:61,1
DA:62,1
DA:63,1
DA:64,1
DA:65,1
DA:66,2
DA:67,2
DA:68,2
DA:69,1
DA:70,1
DA:71,1
DA:72,1
DA:73,1
DA:74,1
DA:75,1
DA:76,1
DA:77,1
DA:78,1
DA:79,1
DA:80,1
DA:81,1
DA:82,1
DA:83,1
DA:84,1
DA:85,2
DA:86,2
DA:87,2
DA:88,1
DA:89,1
DA:90,1
DA:91,1
DA:92,1
DA:93,1
DA:94,1
DA:95,1
DA:96,1
DA:97,1
DA:98,1
DA:99,1
DA:100,1
DA:101,1
DA:102,1
DA:103,1
DA:104,1
DA:105,1
DA:106,1
DA:107,1
DA:108,1
DA:109,1
DA:110,1
DA:111,1
DA:112,1
DA:113,1
DA:114,0
DA:115,0
DA:116,1
DA:117,1
DA:118,1
DA:119,1
DA:120,1
DA:121,1
DA:122,1
DA:123,1
DA:124,1
DA:125,1
DA:126,1
DA:127,1
DA:128,1
DA:129,1
DA:130,1
DA:131,0
DA:132,0
DA:133,1
DA:134,1
DA:135,1
DA:136,1
DA:137,1
DA:138,1
DA:139,1
DA:140,1
DA:141,1
DA:142,0
DA:143,0
DA:144,1
DA:145,1
DA:146,1
DA:147,1
DA:148,1
DA:149,1
DA:150,1
DA:151,1
DA:152,1
DA:153,1
DA:154,1
DA:155,1
DA:156,1
DA:157,2
DA:158,2
DA:159,2
DA:160,2
DA:161,2
DA:162,1
DA:163,2
DA:164,1
DA:165,1
DA:166,1
DA:167,1
DA:168,1
DA:169,1
DA:170,1
DA:171,1
DA:172,1
DA:173,1
DA:174,1
DA:175,1
DA:176,1
DA:177,1
DA:178,1
DA:179,1
DA:180,1
DA:181,1
DA:182,1
DA:183,1
DA:184,1
DA:185,1
DA:186,1
DA:187,1
DA:188,1
DA:189,1
LF:189
LH:183
BRDA:62,0,0,3
BRDA:63,1,0,2
BRDA:63,2,0,2
BRDA:63,3,0,2
BRDA:65,4,0,2
BRDA:70,5,0,1
BRDA:75,6,0,1
BRDA:82,7,0,2
BRDA:82,8,0,2
BRDA:82,9,0,2
BRDA:84,10,0,2
BRDA:89,11,0,1
BRDA:94,12,0,1
BRDA:103,13,0,1
BRDA:103,14,0,1
BRDA:103,15,0,1
BRDA:105,16,0,1
BRDA:109,17,0,1
BRDA:120,18,0,1
BRDA:120,19,0,1
BRDA:120,20,0,1
BRDA:122,21,0,1
BRDA:126,22,0,1
BRDA:137,23,0,1
BRDA:145,24,0,1
BRDA:151,25,0,1
BRDA:156,26,0,2
BRDA:158,27,0,2
BRDA:161,28,0,1
BRF:29
BRH:29
end_of_record
TN:
SF:src\services\features\auth-user\auth-user.ts
FN:55,reducers
FN:57,pending
FN:61,rejected
FN:65,fulfilled
FN:71,updateUser.create.asyncThunk.pending
FN:73,pending
FN:77,rejected
FN:81,fulfilled
FN:88,pending
FN:93,rejected
FN:98,fulfilled
FN:105,extraReducers
FN:119,selectUser
FN:120,selectOrders
FN:121,selectIsOrdersReceived
FN:122,selectErrors
FN:123,selectStatuses
FNF:17
FNH:12
FNDA:3,reducers
FNDA:2,pending
FNDA:1,rejected
FNDA:1,fulfilled
FNDA:2,updateUser.create.asyncThunk.pending
FNDA:2,pending
FNDA:1,rejected
FNDA:1,fulfilled
FNDA:2,pending
FNDA:1,rejected
FNDA:1,fulfilled
FNDA:2,extraReducers
FNDA:0,selectUser
FNDA:0,selectOrders
FNDA:0,selectIsOrdersReceived
FNDA:0,selectErrors
FNDA:0,selectStatuses
DA:1,1
DA:2,1
DA:3,1
DA:4,1
DA:5,1
DA:6,1
DA:7,1
DA:8,1
DA:9,1
DA:10,1
DA:11,1
DA:12,1
DA:13,1
DA:14,1
DA:15,1
DA:16,1
DA:17,1
DA:18,1
DA:19,1
DA:20,1
DA:21,1
DA:22,1
DA:23,1
DA:24,1
DA:25,1
DA:26,1
DA:27,1
DA:28,1
DA:29,1
DA:30,1
DA:31,1
DA:32,1
DA:33,1
DA:34,1
DA:35,1
DA:36,1
DA:37,1
DA:38,1
DA:39,1
DA:40,1
DA:41,1
DA:42,1
DA:43,1
DA:44,1
DA:45,1
DA:46,1
DA:47,1
DA:48,1
DA:49,1
DA:50,1
DA:51,1
DA:52,1
DA:53,1
DA:54,1
DA:55,1
DA:56,1
DA:57,1
DA:58,2
DA:59,2
DA:60,1
DA:61,1
DA:62,1
DA:63,1
DA:64,1
DA:65,1
DA:66,1
DA:67,1
DA:68,1
DA:69,1
DA:70,1
DA:71,1
DA:72,1
DA:73,1
DA:74,2
DA:75,2
DA:76,1
DA:77,1
DA:78,1
DA:79,1
DA:80,1
DA:81,1
DA:82,1
DA:83,1
DA:84,1
DA:85,1
DA:86,1
DA:87,1
DA:88,1
DA:89,2
DA:90,2
DA:91,2
DA:92,1
DA:93,1
DA:94,1
DA:95,1
DA:96,1
DA:97,1
DA:98,1
DA:99,1
DA:100,1
DA:101,1
DA:102,1
DA:103,1
DA:104,1
DA:105,1
DA:106,2
DA:107,2
DA:108,1
DA:109,2
DA:110,2
DA:111,1
DA:112,2
DA:113,2
DA:114,1
DA:115,2
DA:116,2
DA:117,1
DA:118,1
DA:119,1
DA:120,1
DA:121,1
DA:122,1
DA:123,1
DA:124,1
DA:125,1
DA:126,1
DA:127,1
DA:128,1
DA:129,1
DA:130,1
DA:131,1
DA:132,1
DA:133,1
DA:134,1
DA:135,1
DA:136,1
DA:137,1
DA:138,1
DA:139,1
LF:139
LH:139
BRDA:55,0,0,3
BRDA:57,1,0,2
BRDA:61,2,0,1
BRDA:65,3,0,1
BRDA:71,4,0,2
BRDA:71,5,0,2
BRDA:71,6,0,2
BRDA:73,7,0,2
BRDA:77,8,0,1
BRDA:81,9,0,1
BRDA:88,10,0,2
BRDA:93,11,0,1
BRDA:98,12,0,1
BRDA:105,13,0,2
BRDA:107,14,0,1
BRDA:110,15,0,1
BRDA:113,16,0,1
BRDA:116,17,0,1
BRF:18
BRH:18
end_of_record
TN:
SF:src\services\features\feeds\feeds.ts
FN:37,reducers
FN:39,pending
FN:43,rejected
FN:47,fulfilled
FN:53,extraReducers
FN:59,selectFeeds
FN:60,selectErrors
FN:61,selectStatuses
FNF:8
FNH:5
FNDA:3,reducers
FNDA:2,pending
FNDA:1,rejected
FNDA:1,fulfilled
FNDA:3,extraReducers
FNDA:0,selectFeeds
FNDA:0,selectErrors
FNDA:0,selectStatuses
DA:1,1
DA:2,1
DA:3,1
DA:4,1
DA:5,1
DA:6,1
DA:7,1
DA:8,1
DA:9,1
DA:10,1
DA:11,1
DA:12,1
DA:13,1
DA:14,1
DA:15,1
DA:16,1
DA:17,1
DA:18,1
DA:19,1
DA:20,1
DA:21,1
DA:22,1
DA:23,1
DA:24,1
DA:25,1
DA:26,1
DA:27,1
DA:28,1
DA:29,1
DA:30,1
DA:31,1
DA:32,1
DA:33,1
DA:34,1
DA:35,1
DA:36,1
DA:37,1
DA:38,1
DA:39,1
DA:40,2
DA:41,2
DA:42,1
DA:43,1
DA:44,1
DA:45,1
DA:46,1
DA:47,1
DA:48,1
DA:49,1
DA:50,1
DA:51,1
DA:52,1
DA:53,1
DA:54,3
DA:55,1
DA:56,3
DA:57,1
DA:58,1
DA:59,1
DA:60,1
DA:61,1
DA:62,1
DA:63,1
DA:64,1
DA:65,1
DA:66,1
DA:67,1
DA:68,1
DA:69,1
DA:70,1
DA:71,1
LF:71
LH:71
BRDA:37,0,0,3
BRDA:39,1,0,2
BRDA:43,2,0,1
BRDA:47,3,0,1
BRDA:53,4,0,3
BRDA:54,5,0,1
BRF:6
BRH:6
end_of_record
TN:
SF:src\services\features\ingredients\ingredients.ts
FN:36,reducers
FN:38,pending
FN:42,rejected
FN:46,fulfilled
FN:53,selectIngredients
FN:54,selectIngredient
FN:56,selectErrors
FN:57,selectStatuses
FN:61,selectIngredientById
FNF:9
FNH:5
FNDA:2,reducers
FNDA:2,pending
FNDA:1,rejected
FNDA:1,fulfilled
FNDA:0,selectIngredients
FNDA:0,selectIngredient
FNDA:0,selectErrors
FNDA:0,selectStatuses
FNDA:1,selectIngredientById
DA:1,1
DA:2,1
DA:3,1
DA:4,1
DA:5,1
DA:6,1
DA:7,1
DA:8,1
DA:9,1
DA:10,1
DA:11,1
DA:12,1
DA:13,1
DA:14,1
DA:15,1
DA:16,1
DA:17,1
DA:18,1
DA:19,1
DA:20,1
DA:21,1
DA:22,1
DA:23,1
DA:24,1
DA:25,1
DA:26,1
DA:27,1
DA:28,1
DA:29,1
DA:30,1
DA:31,1
DA:32,1
DA:33,1
DA:34,1
DA:35,1
DA:36,1
DA:37,1
DA:38,1
DA:39,2
DA:40,2
DA:41,1
DA:42,1
DA:43,1
DA:44,1
DA:45,1
DA:46,1
DA:47,1
DA:48,1
DA:49,1
DA:50,1
DA:51,1
DA:52,1
DA:53,1
DA:54,1
DA:55,1
DA:56,1
DA:57,1
DA:58,1
DA:59,1
DA:60,1
DA:61,1
DA:62,1
DA:63,1
DA:64,1
DA:65,1
DA:66,1
DA:67,1
DA:68,1
DA:69,1
DA:70,1
DA:71,1
LF:71
LH:71
BRDA:36,0,0,2
BRDA:38,1,0,2
BRDA:42,2,0,1
BRDA:46,3,0,1
BRDA:61,4,0,1
BRDA:61,5,0,1
BRDA:62,6,0,1
BRF:7
BRH:7
end_of_record
TN:
SF:src\services\features\user-order\user-order.ts
FN:46,reducers
FN:48,createOrder.create.asyncThunk.pending
FN:50,pending
FN:54,rejected
FN:58,fulfilled
FN:113,extraReducers
FN:119,selectOrder
FN:120,selectLastOrder
FN:121,selectErrors
FN:122,selectStatuses
FNF:10
FNH:6
FNDA:3,reducers
FNDA:2,createOrder.create.asyncThunk.pending
FNDA:2,pending
FNDA:1,rejected
FNDA:1,fulfilled
FNDA:2,extraReducers
FNDA:0,selectOrder
FNDA:0,selectLastOrder
FNDA:0,selectErrors
FNDA:0,selectStatuses
DA:1,1
DA:2,1
DA:3,1
DA:4,1
DA:5,1
DA:6,1
DA:7,1
DA:8,1
DA:9,1
DA:10,1
DA:11,1
DA:12,1
DA:13,1
DA:14,1
DA:15,1
DA:16,1
DA:17,1
DA:18,1
DA:19,1
DA:20,1
DA:21,1
DA:22,1
DA:23,1
DA:24,1
DA:25,1
DA:26,1
DA:27,1
DA:28,1
DA:29,1
DA:30,1
DA:31,1
DA:32,1
DA:33,1
DA:34,1
DA:35,1
DA:36,1
DA:37,1
DA:38,1
DA:39,1
DA:40,1
DA:41,1
DA:42,1
DA:43,1
DA:44,1
DA:45,1
DA:46,1
DA:47,1
DA:48,1
DA:49,1
DA:50,1
DA:51,2
DA:52,2
DA:53,1
DA:54,1
DA:55,1
DA:56,1
DA:57,1
DA:58,1
DA:59,1
DA:60,1
DA:61,1
DA:62,1
DA:63,1
DA:64,1
DA:65,1
DA:66,1
DA:67,1
DA:68,1
DA:69,1
DA:70,1
DA:71,1
DA:72,1
DA:73,1
DA:74,1
DA:75,1
DA:76,1
DA:77,1
DA:78,1
DA:79,1
DA:80,1
DA:81,1
DA:82,1
DA:83,2
DA:84,2
DA:85,2
DA:86,2
DA:87,2
DA:88,2
DA:89,2
DA:90,2
DA:91,2
DA:92,2
DA:93,2
DA:94,2
DA:95,2
DA:96,2
DA:97,2
DA:98,2
DA:99,2
DA:100,2
DA:101,2
DA:102,2
DA:103,2
DA:104,2
DA:105,2
DA:106,1
DA:107,1
DA:108,0
DA:109,0
DA:110,1
DA:111,1
DA:112,1
DA:113,1
DA:114,2
DA:115,1
DA:116,2
DA:117,1
DA:118,1
DA:119,1
DA:120,1
DA:121,1
DA:122,1
DA:123,1
DA:124,1
DA:125,1
DA:126,1
DA:127,1
DA:128,1
DA:129,1
DA:130,1
DA:131,1
DA:132,1
DA:133,1
DA:134,1
DA:135,1
DA:136,1
DA:137,1
DA:138,1
DA:139,1
DA:140,1
LF:140
LH:138
BRDA:46,0,0,3
BRDA:48,1,0,2
BRDA:48,2,0,2
BRDA:48,3,0,2
BRDA:50,4,0,2
BRDA:54,5,0,1
BRDA:58,6,0,1
BRDA:65,7,0,1
BRDA:70,8,0,1
BRDA:75,9,0,1
BRDA:77,10,0,2
BRDA:82,11,0,2
BRDA:95,12,0,1
BRDA:96,13,0,0
BRDA:100,14,0,1
BRDA:100,15,0,1
BRDA:91,16,0,3
BRDA:113,17,0,2
BRDA:114,18,0,1
BRF:19
BRH:18
end_of_record
TN:
SF:src\utils\burger-api.ts
FN:6,checkResponse
FN:18,refreshToken
FN:40,fetchWithRefresh
FN:76,getIngredientsApi
FN:84,getFeedsApi
FN:92,getOrdersApi
FN:113,orderBurgerApi
FN:132,getOrderByNumberApi
FN:152,registerUserApi
FN:175,loginUserApi
FN:203,forgotPasswordApi
FN:222,resetPasswordApi
FN:238,getUserApi
FN:245,updateUserApi
FN:257,logoutApi
FNF:15
FNH:4
FNDA:3,checkResponse
FNDA:0,refreshToken
FNDA:0,fetchWithRefresh
FNDA:0,getIngredientsApi
FNDA:0,getFeedsApi
FNDA:0,getOrdersApi
FNDA:0,orderBurgerApi
FNDA:0,getOrderByNumberApi
FNDA:1,registerUserApi
FNDA:1,loginUserApi
FNDA:0,forgotPasswordApi
FNDA:0,resetPasswordApi
FNDA:0,getUserApi
FNDA:0,updateUserApi
FNDA:1,logoutApi
DA:1,1
DA:2,1
DA:3,1
DA:4,1
DA:5,1
DA:6,1
DA:7,3
DA:8,1
DA:9,1
DA:10,1
DA:11,1
DA:12,1
DA:13,1
DA:14,1
DA:15,1
DA:16,1
DA:17,1
DA:18,1
DA:19,0
DA:20,0
DA:21,0
DA:22,0
DA:23,0
DA:24,0
DA:25,0
DA:26,0
DA:27,0
DA:28,0
DA:29,0
DA:30,0
DA:31,0
DA:32,0
DA:33,0
DA:34,0
DA:35,0
DA:36,0
DA:37,0
DA:38,0
DA:39,1
DA:40,1
DA:41,0
DA:42,0
DA:43,0
DA:44,0
DA:45,0
DA:46,0
DA:47,0
DA:48,0
DA:49,0
DA:50,0
DA:51,0
DA:52,0
DA:53,0
DA:54,0
DA:55,0
DA:56,0
DA:57,0
DA:58,0
DA:59,0
DA:60,0
DA:61,1
DA:62,1
DA:63,1
DA:64,1
DA:65,1
DA:66,1
DA:67,1
DA:68,1
DA:69,1
DA:70,1
DA:71,1
DA:72,1
DA:73,1
DA:74,1
DA:75,1
DA:76,1
DA:77,0
DA:78,0
DA:79,0
DA:80,0
DA:81,0
DA:82,0
DA:83,1
DA:84,1
DA:85,0
DA:86,0
DA:87,0
DA:88,0
DA:89,0
DA:90,0
DA:91,1
DA:92,1
DA:93,0
DA:94,0
DA:95,0
DA:96,0
DA:97,0
DA:98,0
DA:99,0
DA:100,0
DA:101,0
DA:102,0
DA:103,1
DA:104,1
DA:105,1
DA:106,1
DA:107,1
DA:108,1
DA:109,1
DA:110,1
DA:111,1
DA:112,1
DA:113,1
DA:114,0
DA:115,0
DA:116,0
DA:117,0
DA:118,0
DA:119,0
DA:120,0
DA:121,0
DA:122,0
DA:123,0
DA:124,0
DA:125,0
DA:126,0
DA:127,1
DA:128,1
DA:129,1
DA:130,1
DA:131,1
DA:132,1
DA:133,0
DA:134,0
DA:135,0
DA:136,0
DA:137,0
DA:138,0
DA:139,1
DA:140,1
DA:141,1
DA:142,1
DA:143,1
DA:144,1
DA:145,1
DA:146,1
DA:147,1
DA:148,1
DA:149,1
DA:150,1
DA:151,1
DA:152,1
DA:153,1
DA:154,1
DA:155,1
DA:156,1
DA:157,1
DA:158,1
DA:159,1
DA:160,1
DA:161,1
DA:162,1
DA:163,1
DA:164,1
DA:165,1
DA:166,1
DA:167,0
DA:168,1
DA:169,1
DA:170,1
DA:171,1
DA:172,1
DA:173,1
DA:174,1
DA:175,1
DA:176,1
DA:177,1
DA:178,1
DA:179,1
DA:180,1
DA:181,1
DA:182,1
DA:183,1
DA:184,1
DA:185,1
DA:186,1
DA:187,1
DA:188,1
DA:189,1
DA:190,1
DA:191,1
DA:192,1
DA:193,1
DA:194,1
DA:195,0
DA:196,1
DA:197,1
DA:198,1
DA:199,1
DA:200,1
DA:201,1
DA:202,1
DA:203,1
DA:204,0
DA:205,0
DA:206,0
DA:207,0
DA:208,0
DA:209,0
DA:210,0
DA:211,0
DA:212,0
DA:213,0
DA:214,0
DA:215,0
DA:216,1
DA:217,1
DA:218,1
DA:219,1
DA:220,1
DA:221,1
DA:222,1
DA:223,0
DA:224,0
DA:225,0
DA:226,0
DA:227,0
DA:228,0
DA:229,0
DA:230,0
DA:231,0
DA:232,0
DA:233,0
DA:234,0
DA:235,1
DA:236,1
DA:237,1
DA:238,1
DA:239,0
DA:240,0
DA:241,0
DA:242,0
DA:243,0
DA:244,1
DA:245,1
DA:246,0
DA:247,0
DA:248,0
DA:249,0
DA:250,0
DA:251,0
DA:252,0
DA:253,0
DA:254,0
DA:255,0
DA:256,1
DA:257,1
DA:258,1
DA:259,1
DA:260,1
DA:261,1
DA:262,1
DA:263,1
DA:264,1
DA:265,1
DA:266,1
DA:267,1
DA:268,1
DA:269,1
DA:270,0
DA:271,0
DA:272,1
DA:273,1
DA:274,1
DA:275,1
LF:275
LH:151
BRDA:6,0,0,3
BRDA:7,1,0,0
BRDA:152,2,0,1
BRDA:160,3,0,1
BRDA:161,4,0,1
BRDA:162,5,0,0
BRDA:167,6,0,0
BRDA:175,7,0,1
BRDA:184,8,0,1
BRDA:188,9,0,1
BRDA:190,10,0,0
BRDA:195,11,0,0
BRDA:257,12,0,1
BRDA:267,13,0,1
BRDA:268,14,0,1
BRDA:269,15,0,0
BRF:16
BRH:10
end_of_record
TN:
SF:src\utils\cookie.ts
FN:1,getCookie
FN:13,setCookie
FN:45,deleteCookie
FNF:3
FNH:2
FNDA:2,getCookie
FNDA:3,setCookie
FNDA:0,deleteCookie
DA:1,2
DA:2,2
DA:3,2
DA:4,2
DA:5,2
DA:6,2
DA:7,2
DA:8,2
DA:9,2
DA:10,2
DA:11,2
DA:12,1
DA:13,3
DA:14,3
DA:15,3
DA:16,3
DA:17,3
DA:18,3
DA:19,3
DA:20,3
DA:21,3
DA:22,3
DA:23,3
DA:24,3
DA:25,0
DA:26,0
DA:27,0
DA:28,0
DA:29,3
DA:30,3
DA:31,0
DA:32,0
DA:33,3
DA:34,3
DA:35,3
DA:36,3
DA:37,3
DA:38,3
DA:39,3
DA:40,3
DA:41,3
DA:42,3
DA:43,3
DA:44,1
DA:45,0
DA:46,0
DA:47,0
LF:47
LH:38
BRDA:1,0,0,2
BRDA:10,1,0,0
BRDA:13,2,0,3
BRDA:24,3,0,0
BRDA:24,4,0,0
BRDA:30,5,0,0
BRDA:30,6,0,0
BRF:7
BRH:2
end_of_record
